#
# A fatal error has been detected by the Java Runtime Environment:
#
#  SIGSEGV (0xb) at pc=0x0000000135e2cdf4, pid=18870, tid=83715
#
# JRE version: OpenJDK Runtime Environment Temurin-11.0.20+8 (11.0.20+8) (build 11.0.20+8)
# Java VM: OpenJDK 64-Bit Server VM Temurin-11.0.20+8 (11.0.20+8, mixed mode, tiered, compressed oops, g1 gc, bsd-aarch64)
# Problematic frame:
# C  [libcsutil.dylib+0x2cdf4]  flutil::CancelStopHandler::isCancelled() const+0x14
#
# No core dump will be written. Core dumps have been disabled. To enable core dumping, try "ulimit -c unlimited" before starting Java again
#
# If you would like to submit a bug report, please visit:
#   https://github.com/adoptium/adoptium-support/issues
#

---------------  S U M M A R Y ------------

Command Line: -Dcs.root=/Applications/COMSOL62/multiphysics -Dcatalina.home=/Applications/COMSOL62/multiphysics/bin/tomcat --add-opens=java.base/java.lang=ALL-UNNAMED --add-opens=java.base/java.io=ALL-UNNAMED --add-opens=java.rmi/sun.rmi.transport=ALL-UNNAMED -Dorg.osgi.service.log.admin.loglevel=DEBUG -Declipse.product=com.comsol.util.product -Dosgi.bundles=org.eclipse.update.configurator@1:start,org.eclipse.equinox.common@2:start,org.apache.felix.scr@1:start,org.eclipse.equinox.event@3:start,org.eclipse.core.runtime@start -Dosgi.bundles.defaultStartLevel=4 -Dosgi.startLevel=6 -Djava.util.logging.manager=org.apache.juli.ClassLoaderLogManager -Dcs.logoutput=file -Dcs.logfileprefix=mphserver -Djava.awt.headless=true -Djava.security.manager= -Djava.security.policy=/Applications/COMSOL62/multiphysics/bin/tomcat/conf/mphserver.policy -Dcs.javasecurity=on -Xss4m -Xms40m -Xmx2g -XX:MaxMetaspaceSize=1g -Dlog4j2.formatMsgNoLookups=true com.comsol.util.application.ServerApplication -login "auto" -graphics -autosave "off" -port "0" -forcecomsolgcc on

Host: Mac14,2 arm64 1 MHz, 8 cores, 8G, Darwin 24.0.0
Time: Thu Nov 28 08:47:42 2024 PST elapsed time: 129.010994 seconds (0d 0h 2m 9s)

---------------  T H R E A D  ---------------

Current thread is native thread

Stack: [0x0000000300004000,0x0000000300803000],  sp=0x0000000300802940,  free space=8186k
Native frames: (J=compiled Java code, A=aot compiled Java code, j=interpreted, Vv=VM code, C=native code)
C  [libcsutil.dylib+0x2cdf4]  flutil::CancelStopHandler::isCancelled() const+0x14
C  [libcsmesh.dylib+0x6c3600]  flmesh::MeshDelaunay3::MeshDelaunay3(std::__1::vector<std::__1::vector<double, std::__1::allocator<double>>, std::__1::allocator<std::__1::vector<double, std::__1::allocator<double>>>> const&, std::__1::shared_ptr<flutil::SimpleProgress>&)+0x3bad8
C  [libcsmesh.dylib+0x6de054]  flmesh::MeshDelaunay3::MeshDelaunay3(std::__1::vector<std::__1::vector<double, std::__1::allocator<double>>, std::__1::allocator<std::__1::vector<double, std::__1::allocator<double>>>> const&, std::__1::shared_ptr<flutil::SimpleProgress>&)+0x5652c
C  [libcsmesh.dylib+0x6dfaac]  flmesh::MeshDelaunay3::MeshDelaunay3(std::__1::vector<std::__1::vector<double, std::__1::allocator<double>>, std::__1::allocator<std::__1::vector<double, std::__1::allocator<double>>>> const&, std::__1::shared_ptr<flutil::SimpleProgress>&)+0x57f84
C  [libcsmesh.dylib+0x6daaf8]  flmesh::MeshDelaunay3::MeshDelaunay3(std::__1::vector<std::__1::vector<double, std::__1::allocator<double>>, std::__1::allocator<std::__1::vector<double, std::__1::allocator<double>>>> const&, std::__1::shared_ptr<flutil::SimpleProgress>&)+0x52fd0
C  [libomp.dylib+0x6adec]  __kmp_invoke_microtask+0x9c


siginfo: si_signo: 11 (SIGSEGV), si_code: 2 (SEGV_ACCERR), si_addr: 0x00003bf5b7066bc8

Register to memory mapping:

 x0=
[error occurred during error reporting (printing register info), id 0xb, SIGSEGV (0xb) at pc=0x0000000103b068a0]

Registers:
 x0=0x00006000038c6ba0  x1=0xffffffffffffffff  x2=0x0000000000000001  x3=0x0000000000000001
 x4=0x0000000000000000  x5=0x0000000002faf080  x6=0x0000000000000034  x7=0x0000000000000000
 x8=0x00003bf5b7066ba0  x9=0x00000001e8ba9908 x10=0x0000000000000011 x11=0x0000000000000470
x12=0x0000600018804a10 x13=0x0000000000000000 x14=0x00000000000000c0 x15=0x00000000ffffffff
x16=0x0000000135ef2aa0 x17=0x00000001f0d77f08 x18=0x0000000000000000 x19=0x0000600006af8048
x20=0x000000017e3ec820 x21=0x000000017e3ecb58 x22=0x0000000150c08258 x23=0x00006000002eb8f8
x24=0x0000000300802ae0 x25=0x000000017e3ec800 x26=0x000000017e3ec7d0 x27=0x0000000150bfc280
x28=0x000000000000000c  fp=0x0000000300802990  lr=0x000000015071fe80  sp=0x0000000300802940
pc=0x0000000135e2cdf4 cpsr=0x0000000060001000
Top of Stack: (sp=0x0000000300802940)
0x0000000300802940:   0d363c0d00246b2d 0000000000000000
0x0000000300802950:   000000017e3ec820 0000600006af8048
0x0000000300802960:   0000000300802990 0000000150181d68
0x0000000300802970:   0000000150c08258 000000017e3ecb58
0x0000000300802980:   000000017e3ec820 0000600006af8048
0x0000000300802990:   0000000300802a40 00000001506c3600
0x00000003008029a0:   0000000102796088 000000017e3ec820
0x00000003008029b0:   00000003008029d0 000000010272a660
0x00000003008029c0:   000000000000000c 000000017e3ec820
0x00000003008029d0:   0000000300802a40 000000010277a368
0x00000003008029e0:   0000000300802a40 0000000150182430
0x00000003008029f0:   000000000000000c 0000000150bfc280
0x0000000300802a00:   000000017e3ec7d0 000000017e3ec800
0x0000000300802a10:   0000000300802ae0 0000000300802ae8
0x0000000300802a20:   000000017e3ec7e8 000000017e3ec820
0x0000000300802a30:   000000000000000c 000000017e3ecb20
0x0000000300802a40:   0000000300802ac0 00000001506de054
0x0000000300802a50:   0000000102796300 0000000000802b48
0x0000000300802a60:   0000000000000000 0000000100000000
0x0000000300802a70:   0000000000000001 0000000000000101
0x0000000300802a80:   3fd3333333333333 0000000000000001
0x0000000300802a90:   000000017e3ecb20 000000017e3ec820
0x0000000300802aa0:   000000017e3ec7d0 000000017e3ec7e8
0x0000000300802ab0:   00006000357b0000 000000017e3ec800
0x0000000300802ac0:   0000000300802b40 00000001506dfaac
0x0000000300802ad0:   0000000000000019 8000000000000020
0x0000000300802ae0:   3fb47ae147ae147b 00006000357b0000
0x0000000300802af0:   00006000357b0080 00006000357b0080
0x0000000300802b00:   000000010278f260 0000000102796240
0x0000000300802b10:   0000000102796220 000000012dfe3800
0x0000000300802b20:   0000000300802bc8 0000000000000003
0x0000000300802b30:   000000000000000c 0000000300802bc8 

Instructions: (pc=0x0000000135e2cdf4)
0x0000000135e2ccf4:   0a 00 f0 d2 0a 01 0a 8b 3f 01 0a eb 61 00 00 54
0x0000000135e2cd04:   60 62 00 91 0a 00 00 14 3f 01 0a ea ea 00 00 54
0x0000000135e2cd14:   20 f9 40 92 09 00 f0 d2 08 01 09 8b 01 f9 40 92
0x0000000135e2cd24:   72 97 03 94 e0 fe ff 34 00 00 80 d2 fd 7b 41 a9
0x0000000135e2cd34:   f4 4f c2 a8 c0 03 5f d6 bc 94 03 14 1f 00 00 39
0x0000000135e2cd44:   c0 03 5f d6 1f 00 00 39 c0 03 5f d6 c0 03 5f d6
0x0000000135e2cd54:   c0 03 5f d6 01 00 00 39 e1 00 00 34 a8 08 00 b0
0x0000000135e2cd64:   00 f1 44 f9 08 00 40 f9 03 21 40 f9 e1 03 02 aa
0x0000000135e2cd74:   60 00 1f d6 c0 03 5f d6 08 00 40 39 c8 00 00 34
0x0000000135e2cd84:   a8 08 00 b0 00 f1 44 f9 08 00 40 f9 02 09 40 f9
0x0000000135e2cd94:   40 00 1f d6 c0 03 5f d6 08 00 40 39 c8 00 00 34
0x0000000135e2cda4:   a8 08 00 b0 00 f1 44 f9 08 00 40 f9 02 0d 40 f9
0x0000000135e2cdb4:   40 00 1f d6 00 00 80 52 c0 03 5f d6 08 00 40 39
0x0000000135e2cdc4:   c8 00 00 34 a8 08 00 b0 00 f1 44 f9 08 00 40 f9
0x0000000135e2cdd4:   01 11 40 f9 20 00 1f d6 c0 03 5f d6 08 00 40 39
0x0000000135e2cde4:   c8 00 00 34 a8 08 00 b0 00 f1 44 f9 08 00 40 f9
0x0000000135e2cdf4:   01 15 40 f9 20 00 1f d6 00 00 80 52 c0 03 5f d6
0x0000000135e2ce04:   09 00 40 39 a8 08 00 b0 00 f1 44 f9 08 00 40 f9
0x0000000135e2ce14:   69 00 00 34 01 19 40 f9 20 00 1f d6 01 1d 40 f9
0x0000000135e2ce24:   20 00 1f d6 f4 4f be a9 fd 7b 01 a9 fd 43 00 91
0x0000000135e2ce34:   09 20 40 a9 88 00 00 b4 0a 21 00 91 2b 00 80 52
0x0000000135e2ce44:   4a 01 2b f8 aa 08 00 b0 4a 81 27 91 53 05 40 f9
0x0000000135e2ce54:   49 21 00 a9 b3 00 00 b4 68 22 00 91 09 00 80 92
0x0000000135e2ce64:   08 01 e9 f8 88 00 00 b4 fd 7b 41 a9 f4 4f c2 a8
0x0000000135e2ce74:   c0 03 5f d6 68 02 40 f9 08 09 40 f9 e0 03 13 aa
0x0000000135e2ce84:   00 01 3f d6 e0 03 13 aa fd 7b 41 a9 f4 4f c2 a8
0x0000000135e2ce94:   87 95 03 14 c0 03 5f d6 c0 03 5f d6 c0 03 5f d6
0x0000000135e2cea4:   c0 03 5f d6 a8 08 00 b0 00 f1 44 f9 08 00 40 f9
0x0000000135e2ceb4:   02 0d 40 f9 40 00 1f d6 a8 08 00 b0 00 f1 44 f9
0x0000000135e2cec4:   08 00 40 f9 01 15 40 f9 20 00 1f d6 f4 4f be a9
0x0000000135e2ced4:   fd 7b 01 a9 fd 43 00 91 00 03 80 52 3b 94 03 94
0x0000000135e2cee4:   f3 03 00 aa 68 08 00 d0 08 61 05 91 08 00 00 f9 


Stack slot to memory mapping:
stack at sp + 0 slots: 
[error occurred during error reporting (inspecting top of stack), id 0xb, SIGSEGV (0xb) at pc=0x0000000103b068a0]


---------------  P R O C E S S  ---------------

VM state:at safepoint (shutting down)

VM Mutex/Monitor currently owned by a thread:  ([mutex/lock_event])
[0x000060000178df00] Threads_lock - owner thread: 0x000000012e852000

Heap address: 0x0000000740800000, size: 2048 MB, Compressed Oops mode: Zero based, Oop shift amount: 3
Narrow klass base: 0x0000000800000000, Narrow klass shift: 0
Compressed class space size: 1065353216 Address: 0x0000000800000000

Heap:
 garbage-first heap   total 346112K, used 187611K [0x0000000740800000, 0x00000007c0800000)
  region size 1024K, 39 young (39936K), 7 survivors (7168K)
 Metaspace       used 117227K, capacity 123027K, committed 123184K, reserved 1148928K
  class space    used 14090K, capacity 16192K, committed 16256K, reserved 1040384K
Heap Regions: E=young(eden), S=young(survivor), O=old, HS=humongous(starts), HC=humongous(continues), CS=collection set, F=free, A=archive, TAMS=top-at-mark-start (previous, next)
|   0|0x0000000740800000, 0x0000000740900000, 0x0000000740900000|100%| O|  |TAMS 0x0000000740900000, 0x0000000740800000| Untracked 
|   1|0x0000000740900000, 0x0000000740a00000, 0x0000000740a00000|100%| O|  |TAMS 0x0000000740a00000, 0x0000000740900000| Untracked 
|   2|0x0000000740a00000, 0x0000000740b00000, 0x0000000740b00000|100%| O|  |TAMS 0x0000000740b00000, 0x0000000740a00000| Untracked 
|   3|0x0000000740b00000, 0x0000000740c00000, 0x0000000740c00000|100%| O|  |TAMS 0x0000000740c00000, 0x0000000740b00000| Untracked 
|   4|0x0000000740c00000, 0x0000000740d00000, 0x0000000740d00000|100%| O|  |TAMS 0x0000000740d00000, 0x0000000740c00000| Untracked 
|   5|0x0000000740d00000, 0x0000000740e00000, 0x0000000740e00000|100%| O|  |TAMS 0x0000000740e00000, 0x0000000740d00000| Untracked 
|   6|0x0000000740e00000, 0x0000000740f00000, 0x0000000740f00000|100%| O|  |TAMS 0x0000000740f00000, 0x0000000740e00000| Untracked 
|   7|0x0000000740f00000, 0x0000000741000000, 0x0000000741000000|100%| O|  |TAMS 0x0000000741000000, 0x0000000740f00000| Untracked 
|   8|0x0000000741000000, 0x0000000741100000, 0x0000000741100000|100%| O|  |TAMS 0x0000000741100000, 0x0000000741000000| Untracked 
|   9|0x0000000741100000, 0x0000000741200000, 0x0000000741200000|100%| O|  |TAMS 0x0000000741200000, 0x0000000741100000| Untracked 
|  10|0x0000000741200000, 0x0000000741300000, 0x0000000741300000|100%| O|  |TAMS 0x0000000741300000, 0x0000000741200000| Untracked 
|  11|0x0000000741300000, 0x0000000741400000, 0x0000000741400000|100%| O|  |TAMS 0x0000000741400000, 0x0000000741300000| Untracked 
|  12|0x0000000741400000, 0x0000000741500000, 0x0000000741500000|100%| O|  |TAMS 0x0000000741500000, 0x0000000741400000| Untracked 
|  13|0x0000000741500000, 0x0000000741600000, 0x0000000741600000|100%| O|  |TAMS 0x0000000741600000, 0x0000000741500000| Untracked 
|  14|0x0000000741600000, 0x0000000741700000, 0x0000000741700000|100%| O|  |TAMS 0x0000000741700000, 0x0000000741600000| Untracked 
|  15|0x0000000741700000, 0x0000000741800000, 0x0000000741800000|100%| O|  |TAMS 0x0000000741800000, 0x0000000741700000| Untracked 
|  16|0x0000000741800000, 0x0000000741900000, 0x0000000741900000|100%| O|  |TAMS 0x0000000741900000, 0x0000000741800000| Untracked 
|  17|0x0000000741900000, 0x0000000741a00000, 0x0000000741a00000|100%| O|  |TAMS 0x0000000741a00000, 0x0000000741900000| Untracked 
|  18|0x0000000741a00000, 0x0000000741b00000, 0x0000000741b00000|100%| O|  |TAMS 0x0000000741b00000, 0x0000000741a00000| Untracked 
|  19|0x0000000741b00000, 0x0000000741c00000, 0x0000000741c00000|100%| O|  |TAMS 0x0000000741c00000, 0x0000000741b00000| Untracked 
|  20|0x0000000741c00000, 0x0000000741d00000, 0x0000000741d00000|100%| O|  |TAMS 0x0000000741d00000, 0x0000000741c00000| Untracked 
|  21|0x0000000741d00000, 0x0000000741e00000, 0x0000000741e00000|100%| O|  |TAMS 0x0000000741e00000, 0x0000000741d00000| Untracked 
|  22|0x0000000741e00000, 0x0000000741f00000, 0x0000000741f00000|100%| O|  |TAMS 0x0000000741f00000, 0x0000000741e00000| Untracked 
|  23|0x0000000741f00000, 0x0000000742000000, 0x0000000742000000|100%| O|  |TAMS 0x0000000742000000, 0x0000000741f00000| Untracked 
|  24|0x0000000742000000, 0x0000000742100000, 0x0000000742100000|100%| O|  |TAMS 0x0000000742100000, 0x0000000742000000| Untracked 
|  25|0x0000000742100000, 0x0000000742200000, 0x0000000742200000|100%| O|  |TAMS 0x0000000742200000, 0x0000000742100000| Untracked 
|  26|0x0000000742200000, 0x0000000742300000, 0x0000000742300000|100%|HS|  |TAMS 0x0000000742300000, 0x0000000742200000| Complete 
|  27|0x0000000742300000, 0x0000000742400000, 0x0000000742400000|100%| O|  |TAMS 0x0000000742400000, 0x0000000742300000| Untracked 
|  28|0x0000000742400000, 0x0000000742500000, 0x0000000742500000|100%| O|  |TAMS 0x0000000742500000, 0x0000000742400000| Untracked 
|  29|0x0000000742500000, 0x0000000742600000, 0x0000000742600000|100%| O|  |TAMS 0x0000000742600000, 0x0000000742500000| Untracked 
|  30|0x0000000742600000, 0x0000000742700000, 0x0000000742700000|100%| O|  |TAMS 0x0000000742700000, 0x0000000742600000| Untracked 
|  31|0x0000000742700000, 0x0000000742800000, 0x0000000742800000|100%| O|  |TAMS 0x0000000742800000, 0x0000000742700000| Untracked 
|  32|0x0000000742800000, 0x0000000742900000, 0x0000000742900000|100%| O|  |TAMS 0x0000000742900000, 0x0000000742800000| Untracked 
|  33|0x0000000742900000, 0x0000000742a00000, 0x0000000742a00000|100%| O|  |TAMS 0x0000000742a00000, 0x0000000742900000| Untracked 
|  34|0x0000000742a00000, 0x0000000742b00000, 0x0000000742b00000|100%| O|  |TAMS 0x0000000742b00000, 0x0000000742a00000| Untracked 
|  35|0x0000000742b00000, 0x0000000742c00000, 0x0000000742c00000|100%| O|  |TAMS 0x0000000742c00000, 0x0000000742b00000| Untracked 
|  36|0x0000000742c00000, 0x0000000742d00000, 0x0000000742d00000|100%| O|  |TAMS 0x0000000742d00000, 0x0000000742c00000| Untracked 
|  37|0x0000000742d00000, 0x0000000742e00000, 0x0000000742e00000|100%| O|  |TAMS 0x0000000742e00000, 0x0000000742d00000| Untracked 
|  38|0x0000000742e00000, 0x0000000742f00000, 0x0000000742f00000|100%| O|  |TAMS 0x0000000742f00000, 0x0000000742e00000| Untracked 
|  39|0x0000000742f00000, 0x0000000743000000, 0x0000000743000000|100%| O|  |TAMS 0x0000000743000000, 0x0000000742f00000| Untracked 
|  40|0x0000000743000000, 0x0000000743100000, 0x0000000743100000|100%| O|  |TAMS 0x0000000743100000, 0x0000000743000000| Untracked 
|  41|0x0000000743100000, 0x0000000743200000, 0x0000000743200000|100%| O|  |TAMS 0x0000000743200000, 0x0000000743100000| Untracked 
|  42|0x0000000743200000, 0x0000000743300000, 0x0000000743300000|100%| O|  |TAMS 0x0000000743300000, 0x0000000743200000| Untracked 
|  43|0x0000000743300000, 0x0000000743400000, 0x0000000743400000|100%| O|  |TAMS 0x0000000743400000, 0x0000000743300000| Untracked 
|  44|0x0000000743400000, 0x0000000743500000, 0x0000000743500000|100%| O|  |TAMS 0x0000000743500000, 0x0000000743400000| Untracked 
|  45|0x0000000743500000, 0x0000000743600000, 0x0000000743600000|100%| O|  |TAMS 0x0000000743600000, 0x0000000743500000| Untracked 
|  46|0x0000000743600000, 0x0000000743700000, 0x0000000743700000|100%| O|  |TAMS 0x0000000743700000, 0x0000000743600000| Untracked 
|  47|0x0000000743700000, 0x0000000743800000, 0x0000000743800000|100%| O|  |TAMS 0x0000000743800000, 0x0000000743700000| Untracked 
|  48|0x0000000743800000, 0x0000000743900000, 0x0000000743900000|100%| O|  |TAMS 0x0000000743900000, 0x0000000743800000| Untracked 
|  49|0x0000000743900000, 0x0000000743a00000, 0x0000000743a00000|100%| O|  |TAMS 0x0000000743a00000, 0x0000000743900000| Untracked 
|  50|0x0000000743a00000, 0x0000000743b00000, 0x0000000743b00000|100%| O|  |TAMS 0x0000000743b00000, 0x0000000743a00000| Untracked 
|  51|0x0000000743b00000, 0x0000000743c00000, 0x0000000743c00000|100%| O|  |TAMS 0x0000000743c00000, 0x0000000743b00000| Untracked 
|  52|0x0000000743c00000, 0x0000000743d00000, 0x0000000743d00000|100%| O|  |TAMS 0x0000000743d00000, 0x0000000743c00000| Untracked 
|  53|0x0000000743d00000, 0x0000000743e00000, 0x0000000743e00000|100%| O|  |TAMS 0x0000000743e00000, 0x0000000743d00000| Untracked 
|  54|0x0000000743e00000, 0x0000000743f00000, 0x0000000743f00000|100%| O|  |TAMS 0x0000000743f00000, 0x0000000743e00000| Untracked 
|  55|0x0000000743f00000, 0x0000000744000000, 0x0000000744000000|100%| O|  |TAMS 0x0000000744000000, 0x0000000743f00000| Untracked 
|  56|0x0000000744000000, 0x0000000744100000, 0x0000000744100000|100%| O|  |TAMS 0x0000000744100000, 0x0000000744000000| Untracked 
|  57|0x0000000744100000, 0x0000000744200000, 0x0000000744200000|100%| O|  |TAMS 0x0000000744200000, 0x0000000744100000| Untracked 
|  58|0x0000000744200000, 0x0000000744300000, 0x0000000744300000|100%| O|  |TAMS 0x0000000744300000, 0x0000000744200000| Untracked 
|  59|0x0000000744300000, 0x0000000744400000, 0x0000000744400000|100%| O|  |TAMS 0x0000000744400000, 0x0000000744300000| Untracked 
|  60|0x0000000744400000, 0x0000000744500000, 0x0000000744500000|100%| O|  |TAMS 0x0000000744500000, 0x0000000744400000| Untracked 
|  61|0x0000000744500000, 0x0000000744600000, 0x0000000744600000|100%| O|  |TAMS 0x0000000744600000, 0x0000000744500000| Untracked 
|  62|0x0000000744600000, 0x0000000744700000, 0x0000000744700000|100%|HS|  |TAMS 0x0000000744700000, 0x0000000744600000| Complete 
|  63|0x0000000744700000, 0x0000000744800000, 0x0000000744800000|100%|HS|  |TAMS 0x0000000744800000, 0x0000000744700000| Complete 
|  64|0x0000000744800000, 0x0000000744900000, 0x0000000744900000|100%|HS|  |TAMS 0x0000000744900000, 0x0000000744800000| Complete 
|  65|0x0000000744900000, 0x0000000744a00000, 0x0000000744a00000|100%|HC|  |TAMS 0x0000000744a00000, 0x0000000744900000| Complete 
|  66|0x0000000744a00000, 0x0000000744b00000, 0x0000000744b00000|100%| O|  |TAMS 0x0000000744b00000, 0x0000000744a00000| Untracked 
|  67|0x0000000744b00000, 0x0000000744c00000, 0x0000000744c00000|100%| O|  |TAMS 0x0000000744c00000, 0x0000000744b00000| Untracked 
|  68|0x0000000744c00000, 0x0000000744d00000, 0x0000000744d00000|100%| O|  |TAMS 0x0000000744d00000, 0x0000000744c00000| Untracked 
|  69|0x0000000744d00000, 0x0000000744e00000, 0x0000000744e00000|100%| O|  |TAMS 0x0000000744e00000, 0x0000000744d00000| Untracked 
|  70|0x0000000744e00000, 0x0000000744f00000, 0x0000000744f00000|100%| O|  |TAMS 0x0000000744f00000, 0x0000000744e00000| Untracked 
|  71|0x0000000744f00000, 0x0000000745000000, 0x0000000745000000|100%| O|  |TAMS 0x0000000745000000, 0x0000000744f00000| Untracked 
|  72|0x0000000745000000, 0x0000000745100000, 0x0000000745100000|100%| O|  |TAMS 0x0000000745100000, 0x0000000745000000| Untracked 
|  73|0x0000000745100000, 0x0000000745200000, 0x0000000745200000|100%| O|  |TAMS 0x0000000745200000, 0x0000000745100000| Untracked 
|  74|0x0000000745200000, 0x0000000745300000, 0x0000000745300000|100%| O|  |TAMS 0x0000000745300000, 0x0000000745200000| Untracked 
|  75|0x0000000745300000, 0x0000000745400000, 0x0000000745400000|100%| O|  |TAMS 0x0000000745400000, 0x0000000745300000| Untracked 
|  76|0x0000000745400000, 0x0000000745500000, 0x0000000745500000|100%| O|  |TAMS 0x0000000745500000, 0x0000000745400000| Untracked 
|  77|0x0000000745500000, 0x0000000745600000, 0x0000000745600000|100%| O|  |TAMS 0x0000000745600000, 0x0000000745500000| Untracked 
|  78|0x0000000745600000, 0x0000000745700000, 0x0000000745700000|100%| O|  |TAMS 0x0000000745700000, 0x0000000745600000| Untracked 
|  79|0x0000000745700000, 0x0000000745800000, 0x0000000745800000|100%| O|  |TAMS 0x0000000745800000, 0x0000000745700000| Untracked 
|  80|0x0000000745800000, 0x0000000745900000, 0x0000000745900000|100%| O|  |TAMS 0x0000000745900000, 0x0000000745800000| Untracked 
|  81|0x0000000745900000, 0x0000000745a00000, 0x0000000745a00000|100%| O|  |TAMS 0x0000000745a00000, 0x0000000745900000| Untracked 
|  82|0x0000000745a00000, 0x0000000745b00000, 0x0000000745b00000|100%| O|  |TAMS 0x0000000745b00000, 0x0000000745a00000| Untracked 
|  83|0x0000000745b00000, 0x0000000745c00000, 0x0000000745c00000|100%| O|  |TAMS 0x0000000745c00000, 0x0000000745b00000| Untracked 
|  84|0x0000000745c00000, 0x0000000745d00000, 0x0000000745d00000|100%| O|  |TAMS 0x0000000745d00000, 0x0000000745c00000| Untracked 
|  85|0x0000000745d00000, 0x0000000745e00000, 0x0000000745e00000|100%| O|  |TAMS 0x0000000745e00000, 0x0000000745d00000| Untracked 
|  86|0x0000000745e00000, 0x0000000745f00000, 0x0000000745f00000|100%| O|  |TAMS 0x0000000745f00000, 0x0000000745e00000| Untracked 
|  87|0x0000000745f00000, 0x0000000746000000, 0x0000000746000000|100%| O|  |TAMS 0x0000000746000000, 0x0000000745f00000| Untracked 
|  88|0x0000000746000000, 0x0000000746100000, 0x0000000746100000|100%| O|  |TAMS 0x0000000746100000, 0x0000000746000000| Untracked 
|  89|0x0000000746100000, 0x0000000746200000, 0x0000000746200000|100%| O|  |TAMS 0x0000000746200000, 0x0000000746100000| Untracked 
|  90|0x0000000746200000, 0x0000000746300000, 0x0000000746300000|100%| O|  |TAMS 0x0000000746300000, 0x0000000746200000| Untracked 
|  91|0x0000000746300000, 0x0000000746400000, 0x0000000746400000|100%| O|  |TAMS 0x0000000746400000, 0x0000000746300000| Untracked 
|  92|0x0000000746400000, 0x0000000746500000, 0x0000000746500000|100%| O|  |TAMS 0x0000000746500000, 0x0000000746400000| Untracked 
|  93|0x0000000746500000, 0x0000000746600000, 0x0000000746600000|100%| O|  |TAMS 0x0000000746600000, 0x0000000746500000| Untracked 
|  94|0x0000000746600000, 0x0000000746700000, 0x0000000746700000|100%| O|  |TAMS 0x0000000746700000, 0x0000000746600000| Untracked 
|  95|0x0000000746700000, 0x0000000746800000, 0x0000000746800000|100%|HS|  |TAMS 0x0000000746700000, 0x0000000746700000| Complete 
|  96|0x0000000746800000, 0x0000000746900000, 0x0000000746900000|100%|HS|  |TAMS 0x0000000746800000, 0x0000000746800000| Complete 
|  97|0x0000000746900000, 0x0000000746a00000, 0x0000000746a00000|100%|HS|  |TAMS 0x0000000746900000, 0x0000000746900000| Complete 
|  98|0x0000000746a00000, 0x0000000746b00000, 0x0000000746b00000|100%|HS|  |TAMS 0x0000000746a00000, 0x0000000746a00000| Complete 
|  99|0x0000000746b00000, 0x0000000746c00000, 0x0000000746c00000|100%|HS|  |TAMS 0x0000000746b00000, 0x0000000746b00000| Complete 
| 100|0x0000000746c00000, 0x0000000746d00000, 0x0000000746d00000|100%| O|  |TAMS 0x0000000746d00000, 0x0000000746c00000| Untracked 
| 101|0x0000000746d00000, 0x0000000746e00000, 0x0000000746e00000|100%| O|  |TAMS 0x0000000746e00000, 0x0000000746d00000| Untracked 
| 102|0x0000000746e00000, 0x0000000746f00000, 0x0000000746f00000|100%|HS|  |TAMS 0x0000000746e00000, 0x0000000746e00000| Complete 
| 103|0x0000000746f00000, 0x0000000747000000, 0x0000000747000000|100%|HS|  |TAMS 0x0000000746f00000, 0x0000000746f00000| Complete 
| 104|0x0000000747000000, 0x0000000747100000, 0x0000000747100000|100%|HS|  |TAMS 0x0000000747000000, 0x0000000747000000| Complete 
| 105|0x0000000747100000, 0x0000000747200000, 0x0000000747200000|100%|HS|  |TAMS 0x0000000747100000, 0x0000000747100000| Complete 
| 106|0x0000000747200000, 0x0000000747300000, 0x0000000747300000|100%|HS|  |TAMS 0x0000000747200000, 0x0000000747200000| Complete 
| 107|0x0000000747300000, 0x0000000747400000, 0x0000000747400000|100%|HS|  |TAMS 0x0000000747300000, 0x0000000747300000| Complete 
| 108|0x0000000747400000, 0x0000000747500000, 0x0000000747500000|100%|HS|  |TAMS 0x0000000747400000, 0x0000000747400000| Complete 
| 109|0x0000000747500000, 0x0000000747600000, 0x0000000747600000|100%|HS|  |TAMS 0x0000000747500000, 0x0000000747500000| Complete 
| 110|0x0000000747600000, 0x0000000747700000, 0x0000000747700000|100%|HS|  |TAMS 0x0000000747600000, 0x0000000747600000| Complete 
| 111|0x0000000747700000, 0x0000000747800000, 0x0000000747800000|100%|HS|  |TAMS 0x0000000747700000, 0x0000000747700000| Complete 
| 112|0x0000000747800000, 0x0000000747900000, 0x0000000747900000|100%|HS|  |TAMS 0x0000000747800000, 0x0000000747800000| Complete 
| 113|0x0000000747900000, 0x0000000747a00000, 0x0000000747a00000|100%|HS|  |TAMS 0x0000000747900000, 0x0000000747900000| Complete 
| 114|0x0000000747a00000, 0x0000000747b00000, 0x0000000747b00000|100%|HS|  |TAMS 0x0000000747a00000, 0x0000000747a00000| Complete 
| 115|0x0000000747b00000, 0x0000000747c00000, 0x0000000747c00000|100%|HS|  |TAMS 0x0000000747b00000, 0x0000000747b00000| Complete 
| 116|0x0000000747c00000, 0x0000000747d00000, 0x0000000747d00000|100%|HS|  |TAMS 0x0000000747c00000, 0x0000000747c00000| Complete 
| 117|0x0000000747d00000, 0x0000000747e00000, 0x0000000747e00000|100%|HS|  |TAMS 0x0000000747d00000, 0x0000000747d00000| Complete 
| 118|0x0000000747e00000, 0x0000000747f00000, 0x0000000747f00000|100%|HS|  |TAMS 0x0000000747e00000, 0x0000000747e00000| Complete 
| 119|0x0000000747f00000, 0x0000000748000000, 0x0000000748000000|100%|HS|  |TAMS 0x0000000747f00000, 0x0000000747f00000| Complete 
| 120|0x0000000748000000, 0x0000000748100000, 0x0000000748100000|100%|HS|  |TAMS 0x0000000748000000, 0x0000000748000000| Complete 
| 121|0x0000000748100000, 0x0000000748200000, 0x0000000748200000|100%|HS|  |TAMS 0x0000000748100000, 0x0000000748100000| Complete 
| 122|0x0000000748200000, 0x0000000748300000, 0x0000000748300000|100%|HS|  |TAMS 0x0000000748200000, 0x0000000748200000| Complete 
| 123|0x0000000748300000, 0x0000000748400000, 0x0000000748400000|100%|HS|  |TAMS 0x0000000748300000, 0x0000000748300000| Complete 
| 124|0x0000000748400000, 0x0000000748500000, 0x0000000748500000|100%|HS|  |TAMS 0x0000000748400000, 0x0000000748400000| Complete 
| 125|0x0000000748500000, 0x0000000748600000, 0x0000000748600000|100%|HS|  |TAMS 0x0000000748500000, 0x0000000748500000| Complete 
| 126|0x0000000748600000, 0x0000000748700000, 0x0000000748700000|100%| O|  |TAMS 0x0000000748700000, 0x0000000748600000| Untracked 
| 127|0x0000000748700000, 0x0000000748800000, 0x0000000748800000|100%|HS|  |TAMS 0x0000000748700000, 0x0000000748700000| Complete 
| 128|0x0000000748800000, 0x0000000748900000, 0x0000000748900000|100%|HS|  |TAMS 0x0000000748800000, 0x0000000748800000| Complete 
| 129|0x0000000748900000, 0x0000000748a00000, 0x0000000748a00000|100%|HS|  |TAMS 0x0000000748900000, 0x0000000748900000| Complete 
| 130|0x0000000748a00000, 0x0000000748b00000, 0x0000000748b00000|100%|HS|  |TAMS 0x0000000748a00000, 0x0000000748a00000| Complete 
| 131|0x0000000748b00000, 0x0000000748c00000, 0x0000000748c00000|100%|HS|  |TAMS 0x0000000748b00000, 0x0000000748b00000| Complete 
| 132|0x0000000748c00000, 0x0000000748d00000, 0x0000000748d00000|100%|HS|  |TAMS 0x0000000748c00000, 0x0000000748c00000| Complete 
| 133|0x0000000748d00000, 0x0000000748e00000, 0x0000000748e00000|100%|HS|  |TAMS 0x0000000748d00000, 0x0000000748d00000| Complete 
| 134|0x0000000748e00000, 0x0000000748f00000, 0x0000000748f00000|100%|HS|  |TAMS 0x0000000748e00000, 0x0000000748e00000| Complete 
| 135|0x0000000748f00000, 0x0000000749000000, 0x0000000749000000|100%|HS|  |TAMS 0x0000000748f00000, 0x0000000748f00000| Complete 
| 136|0x0000000749000000, 0x0000000749100000, 0x0000000749100000|100%|HS|  |TAMS 0x0000000749000000, 0x0000000749000000| Complete 
| 137|0x0000000749100000, 0x0000000749200000, 0x0000000749200000|100%|HS|  |TAMS 0x0000000749100000, 0x0000000749100000| Complete 
| 138|0x0000000749200000, 0x0000000749300000, 0x0000000749300000|100%|HS|  |TAMS 0x0000000749200000, 0x0000000749200000| Complete 
| 139|0x0000000749300000, 0x0000000749400000, 0x0000000749400000|100%|HS|  |TAMS 0x0000000749300000, 0x0000000749300000| Complete 
| 140|0x0000000749400000, 0x0000000749500000, 0x0000000749500000|100%|HS|  |TAMS 0x0000000749400000, 0x0000000749400000| Complete 
| 141|0x0000000749500000, 0x0000000749600000, 0x0000000749600000|100%|HS|  |TAMS 0x0000000749500000, 0x0000000749500000| Complete 
| 142|0x0000000749600000, 0x0000000749700000, 0x0000000749700000|100%|HS|  |TAMS 0x0000000749600000, 0x0000000749600000| Complete 
| 143|0x0000000749700000, 0x0000000749700000, 0x0000000749800000|  0%| F|  |TAMS 0x0000000749700000, 0x0000000749700000| Untracked 
| 144|0x0000000749800000, 0x0000000749800000, 0x0000000749900000|  0%| F|  |TAMS 0x0000000749800000, 0x0000000749800000| Untracked 
| 145|0x0000000749900000, 0x0000000749900000, 0x0000000749a00000|  0%| F|  |TAMS 0x0000000749900000, 0x0000000749900000| Untracked 
| 146|0x0000000749a00000, 0x0000000749a00000, 0x0000000749b00000|  0%| F|  |TAMS 0x0000000749a00000, 0x0000000749a00000| Untracked 
| 147|0x0000000749b00000, 0x0000000749b00000, 0x0000000749c00000|  0%| F|  |TAMS 0x0000000749b00000, 0x0000000749b00000| Untracked 
| 148|0x0000000749c00000, 0x0000000749c00000, 0x0000000749d00000|  0%| F|  |TAMS 0x0000000749c00000, 0x0000000749c00000| Untracked 
| 149|0x0000000749d00000, 0x0000000749d00000, 0x0000000749e00000|  0%| F|  |TAMS 0x0000000749d00000, 0x0000000749d00000| Untracked 
| 150|0x0000000749e00000, 0x0000000749e00000, 0x0000000749f00000|  0%| F|  |TAMS 0x0000000749e00000, 0x0000000749e00000| Untracked 
| 151|0x0000000749f00000, 0x0000000749f00000, 0x000000074a000000|  0%| F|  |TAMS 0x0000000749f00000, 0x0000000749f00000| Untracked 
| 152|0x000000074a000000, 0x000000074a000000, 0x000000074a100000|  0%| F|  |TAMS 0x000000074a000000, 0x000000074a000000| Untracked 
| 153|0x000000074a100000, 0x000000074a100000, 0x000000074a200000|  0%| F|  |TAMS 0x000000074a100000, 0x000000074a100000| Untracked 
| 154|0x000000074a200000, 0x000000074a200000, 0x000000074a300000|  0%| F|  |TAMS 0x000000074a200000, 0x000000074a200000| Untracked 
| 155|0x000000074a300000, 0x000000074a300000, 0x000000074a400000|  0%| F|  |TAMS 0x000000074a300000, 0x000000074a300000| Untracked 
| 156|0x000000074a400000, 0x000000074a400000, 0x000000074a500000|  0%| F|  |TAMS 0x000000074a400000, 0x000000074a400000| Untracked 
| 157|0x000000074a500000, 0x000000074a500000, 0x000000074a600000|  0%| F|  |TAMS 0x000000074a500000, 0x000000074a500000| Untracked 
| 158|0x000000074a600000, 0x000000074a700000, 0x000000074a700000|100%| O|  |TAMS 0x000000074a700000, 0x000000074a600000| Untracked 
| 159|0x000000074a700000, 0x000000074a700000, 0x000000074a800000|  0%| F|  |TAMS 0x000000074a700000, 0x000000074a700000| Untracked 
| 160|0x000000074a800000, 0x000000074a900000, 0x000000074a900000|100%| O|  |TAMS 0x000000074a900000, 0x000000074a800000| Untracked 
| 161|0x000000074a900000, 0x000000074a900000, 0x000000074aa00000|  0%| F|  |TAMS 0x000000074a900000, 0x000000074a900000| Untracked 
| 162|0x000000074aa00000, 0x000000074aa00000, 0x000000074ab00000|  0%| F|  |TAMS 0x000000074aa00000, 0x000000074aa00000| Untracked 
| 163|0x000000074ab00000, 0x000000074ab00000, 0x000000074ac00000|  0%| F|  |TAMS 0x000000074ab00000, 0x000000074ab00000| Untracked 
| 164|0x000000074ac00000, 0x000000074ac00000, 0x000000074ad00000|  0%| F|  |TAMS 0x000000074ac00000, 0x000000074ac00000| Untracked 
| 165|0x000000074ad00000, 0x000000074ad00000, 0x000000074ae00000|  0%| F|  |TAMS 0x000000074ad00000, 0x000000074ad00000| Untracked 
| 166|0x000000074ae00000, 0x000000074ae00000, 0x000000074af00000|  0%| F|  |TAMS 0x000000074ae00000, 0x000000074ae00000| Untracked 
| 167|0x000000074af00000, 0x000000074af00000, 0x000000074b000000|  0%| F|  |TAMS 0x000000074af00000, 0x000000074af00000| Untracked 
| 168|0x000000074b000000, 0x000000074b000000, 0x000000074b100000|  0%| F|  |TAMS 0x000000074b000000, 0x000000074b000000| Untracked 
| 169|0x000000074b100000, 0x000000074b100000, 0x000000074b200000|  0%| F|  |TAMS 0x000000074b100000, 0x000000074b100000| Untracked 
| 170|0x000000074b200000, 0x000000074b200000, 0x000000074b300000|  0%| F|  |TAMS 0x000000074b200000, 0x000000074b200000| Untracked 
| 171|0x000000074b300000, 0x000000074b300000, 0x000000074b400000|  0%| F|  |TAMS 0x000000074b300000, 0x000000074b300000| Untracked 
| 172|0x000000074b400000, 0x000000074b400000, 0x000000074b500000|  0%| F|  |TAMS 0x000000074b400000, 0x000000074b400000| Untracked 
| 173|0x000000074b500000, 0x000000074b500000, 0x000000074b600000|  0%| F|  |TAMS 0x000000074b500000, 0x000000074b500000| Untracked 
| 174|0x000000074b600000, 0x000000074b600000, 0x000000074b700000|  0%| F|  |TAMS 0x000000074b600000, 0x000000074b600000| Untracked 
| 175|0x000000074b700000, 0x000000074b700000, 0x000000074b800000|  0%| F|  |TAMS 0x000000074b700000, 0x000000074b700000| Untracked 
| 176|0x000000074b800000, 0x000000074b800000, 0x000000074b900000|  0%| F|  |TAMS 0x000000074b800000, 0x000000074b800000| Untracked 
| 177|0x000000074b900000, 0x000000074b900000, 0x000000074ba00000|  0%| F|  |TAMS 0x000000074b900000, 0x000000074b900000| Untracked 
| 178|0x000000074ba00000, 0x000000074ba00000, 0x000000074bb00000|  0%| F|  |TAMS 0x000000074ba00000, 0x000000074ba00000| Untracked 
| 179|0x000000074bb00000, 0x000000074bb00000, 0x000000074bc00000|  0%| F|  |TAMS 0x000000074bb00000, 0x000000074bb00000| Untracked 
| 180|0x000000074bc00000, 0x000000074bc00000, 0x000000074bd00000|  0%| F|  |TAMS 0x000000074bc00000, 0x000000074bc00000| Untracked 
| 181|0x000000074bd00000, 0x000000074bd00000, 0x000000074be00000|  0%| F|  |TAMS 0x000000074bd00000, 0x000000074bd00000| Untracked 
| 182|0x000000074be00000, 0x000000074be00000, 0x000000074bf00000|  0%| F|  |TAMS 0x000000074be00000, 0x000000074be00000| Untracked 
| 183|0x000000074bf00000, 0x000000074bf00000, 0x000000074c000000|  0%| F|  |TAMS 0x000000074bf00000, 0x000000074bf00000| Untracked 
| 184|0x000000074c000000, 0x000000074c000000, 0x000000074c100000|  0%| F|  |TAMS 0x000000074c000000, 0x000000074c000000| Untracked 
| 185|0x000000074c100000, 0x000000074c200000, 0x000000074c200000|100%| O|  |TAMS 0x000000074c200000, 0x000000074c100000| Untracked 
| 186|0x000000074c200000, 0x000000074c200000, 0x000000074c300000|  0%| F|  |TAMS 0x000000074c200000, 0x000000074c200000| Untracked 
| 187|0x000000074c300000, 0x000000074c300000, 0x000000074c400000|  0%| F|  |TAMS 0x000000074c300000, 0x000000074c300000| Untracked 
| 188|0x000000074c400000, 0x000000074c4f6800, 0x000000074c500000| 96%| O|  |TAMS 0x000000074c4f6800, 0x000000074c400000| Untracked 
| 189|0x000000074c500000, 0x000000074c500000, 0x000000074c600000|  0%| F|  |TAMS 0x000000074c500000, 0x000000074c500000| Untracked 
| 190|0x000000074c600000, 0x000000074c600000, 0x000000074c700000|  0%| F|  |TAMS 0x000000074c600000, 0x000000074c600000| Untracked 
| 191|0x000000074c700000, 0x000000074c700000, 0x000000074c800000|  0%| F|  |TAMS 0x000000074c700000, 0x000000074c700000| Untracked 
| 192|0x000000074c800000, 0x000000074c800000, 0x000000074c900000|  0%| F|  |TAMS 0x000000074c800000, 0x000000074c800000| Untracked 
| 193|0x000000074c900000, 0x000000074c900000, 0x000000074ca00000|  0%| F|  |TAMS 0x000000074c900000, 0x000000074c900000| Untracked 
| 194|0x000000074ca00000, 0x000000074ca00000, 0x000000074cb00000|  0%| F|  |TAMS 0x000000074ca00000, 0x000000074ca00000| Untracked 
| 195|0x000000074cb00000, 0x000000074cb00000, 0x000000074cc00000|  0%| F|  |TAMS 0x000000074cb00000, 0x000000074cb00000| Untracked 
| 196|0x000000074cc00000, 0x000000074cc00000, 0x000000074cd00000|  0%| F|  |TAMS 0x000000074cc00000, 0x000000074cc00000| Untracked 
| 197|0x000000074cd00000, 0x000000074cd00000, 0x000000074ce00000|  0%| F|  |TAMS 0x000000074cd00000, 0x000000074cd00000| Untracked 
| 198|0x000000074ce00000, 0x000000074ce00000, 0x000000074cf00000|  0%| F|  |TAMS 0x000000074ce00000, 0x000000074ce00000| Untracked 
| 199|0x000000074cf00000, 0x000000074cf00000, 0x000000074d000000|  0%| F|  |TAMS 0x000000074cf00000, 0x000000074cf00000| Untracked 
| 200|0x000000074d000000, 0x000000074d000000, 0x000000074d100000|  0%| F|  |TAMS 0x000000074d000000, 0x000000074d000000| Untracked 
| 201|0x000000074d100000, 0x000000074d100000, 0x000000074d200000|  0%| F|  |TAMS 0x000000074d100000, 0x000000074d100000| Untracked 
| 202|0x000000074d200000, 0x000000074d200000, 0x000000074d300000|  0%| F|  |TAMS 0x000000074d200000, 0x000000074d200000| Untracked 
| 203|0x000000074d300000, 0x000000074d300000, 0x000000074d400000|  0%| F|  |TAMS 0x000000074d300000, 0x000000074d300000| Untracked 
| 204|0x000000074d400000, 0x000000074d400000, 0x000000074d500000|  0%| F|  |TAMS 0x000000074d400000, 0x000000074d400000| Untracked 
| 205|0x000000074d500000, 0x000000074d500000, 0x000000074d600000|  0%| F|  |TAMS 0x000000074d500000, 0x000000074d500000| Untracked 
| 206|0x000000074d600000, 0x000000074d600000, 0x000000074d700000|  0%| F|  |TAMS 0x000000074d600000, 0x000000074d600000| Untracked 
| 207|0x000000074d700000, 0x000000074d700000, 0x000000074d800000|  0%| F|  |TAMS 0x000000074d700000, 0x000000074d700000| Untracked 
| 208|0x000000074d800000, 0x000000074d800000, 0x000000074d900000|  0%| F|  |TAMS 0x000000074d800000, 0x000000074d800000| Untracked 
| 209|0x000000074d900000, 0x000000074d900000, 0x000000074da00000|  0%| F|  |TAMS 0x000000074d900000, 0x000000074d900000| Untracked 
| 210|0x000000074da00000, 0x000000074da00000, 0x000000074db00000|  0%| F|  |TAMS 0x000000074da00000, 0x000000074da00000| Untracked 
| 211|0x000000074db00000, 0x000000074db00000, 0x000000074dc00000|  0%| F|  |TAMS 0x000000074db00000, 0x000000074db00000| Untracked 
| 212|0x000000074dc00000, 0x000000074dc00000, 0x000000074dd00000|  0%| F|  |TAMS 0x000000074dc00000, 0x000000074dc00000| Untracked 
| 213|0x000000074dd00000, 0x000000074dd00000, 0x000000074de00000|  0%| F|  |TAMS 0x000000074dd00000, 0x000000074dd00000| Untracked 
| 214|0x000000074de00000, 0x000000074de00000, 0x000000074df00000|  0%| F|  |TAMS 0x000000074de00000, 0x000000074de00000| Untracked 
| 215|0x000000074df00000, 0x000000074df00000, 0x000000074e000000|  0%| F|  |TAMS 0x000000074df00000, 0x000000074df00000| Untracked 
| 216|0x000000074e000000, 0x000000074e000000, 0x000000074e100000|  0%| F|  |TAMS 0x000000074e000000, 0x000000074e000000| Untracked 
| 217|0x000000074e100000, 0x000000074e100000, 0x000000074e200000|  0%| F|  |TAMS 0x000000074e100000, 0x000000074e100000| Untracked 
| 218|0x000000074e200000, 0x000000074e200000, 0x000000074e300000|  0%| F|  |TAMS 0x000000074e200000, 0x000000074e200000| Untracked 
| 219|0x000000074e300000, 0x000000074e300000, 0x000000074e400000|  0%| F|  |TAMS 0x000000074e300000, 0x000000074e300000| Untracked 
| 220|0x000000074e400000, 0x000000074e400000, 0x000000074e500000|  0%| F|  |TAMS 0x000000074e400000, 0x000000074e400000| Untracked 
| 221|0x000000074e500000, 0x000000074e500000, 0x000000074e600000|  0%| F|  |TAMS 0x000000074e500000, 0x000000074e500000| Untracked 
| 222|0x000000074e600000, 0x000000074e600000, 0x000000074e700000|  0%| F|  |TAMS 0x000000074e600000, 0x000000074e600000| Untracked 
| 223|0x000000074e700000, 0x000000074e700000, 0x000000074e800000|  0%| F|  |TAMS 0x000000074e700000, 0x000000074e700000| Untracked 
| 224|0x000000074e800000, 0x000000074e800000, 0x000000074e900000|  0%| F|  |TAMS 0x000000074e800000, 0x000000074e800000| Untracked 
| 225|0x000000074e900000, 0x000000074e900000, 0x000000074ea00000|  0%| F|  |TAMS 0x000000074e900000, 0x000000074e900000| Untracked 
| 226|0x000000074ea00000, 0x000000074ea00000, 0x000000074eb00000|  0%| F|  |TAMS 0x000000074ea00000, 0x000000074ea00000| Untracked 
| 227|0x000000074eb00000, 0x000000074eb00000, 0x000000074ec00000|  0%| F|  |TAMS 0x000000074eb00000, 0x000000074eb00000| Untracked 
| 228|0x000000074ec00000, 0x000000074ec00000, 0x000000074ed00000|  0%| F|  |TAMS 0x000000074ec00000, 0x000000074ec00000| Untracked 
| 229|0x000000074ed00000, 0x000000074ed00000, 0x000000074ee00000|  0%| F|  |TAMS 0x000000074ed00000, 0x000000074ed00000| Untracked 
| 230|0x000000074ee00000, 0x000000074ee00000, 0x000000074ef00000|  0%| F|  |TAMS 0x000000074ee00000, 0x000000074ee00000| Untracked 
| 231|0x000000074ef00000, 0x000000074ef00000, 0x000000074f000000|  0%| F|  |TAMS 0x000000074ef00000, 0x000000074ef00000| Untracked 
| 232|0x000000074f000000, 0x000000074f000000, 0x000000074f100000|  0%| F|  |TAMS 0x000000074f000000, 0x000000074f000000| Untracked 
| 233|0x000000074f100000, 0x000000074f100000, 0x000000074f200000|  0%| F|  |TAMS 0x000000074f100000, 0x000000074f100000| Untracked 
| 234|0x000000074f200000, 0x000000074f200000, 0x000000074f300000|  0%| F|  |TAMS 0x000000074f200000, 0x000000074f200000| Untracked 
| 235|0x000000074f300000, 0x000000074f300000, 0x000000074f400000|  0%| F|  |TAMS 0x000000074f300000, 0x000000074f300000| Untracked 
| 236|0x000000074f400000, 0x000000074f400000, 0x000000074f500000|  0%| F|  |TAMS 0x000000074f400000, 0x000000074f400000| Untracked 
| 237|0x000000074f500000, 0x000000074f500000, 0x000000074f600000|  0%| F|  |TAMS 0x000000074f500000, 0x000000074f500000| Untracked 
| 238|0x000000074f600000, 0x000000074f600000, 0x000000074f700000|  0%| F|  |TAMS 0x000000074f600000, 0x000000074f600000| Untracked 
| 239|0x000000074f700000, 0x000000074f700000, 0x000000074f800000|  0%| F|  |TAMS 0x000000074f700000, 0x000000074f700000| Untracked 
| 240|0x000000074f800000, 0x000000074f800000, 0x000000074f900000|  0%| F|  |TAMS 0x000000074f800000, 0x000000074f800000| Untracked 
| 241|0x000000074f900000, 0x000000074f900000, 0x000000074fa00000|  0%| F|  |TAMS 0x000000074f900000, 0x000000074f900000| Untracked 
| 242|0x000000074fa00000, 0x000000074fa00000, 0x000000074fb00000|  0%| F|  |TAMS 0x000000074fa00000, 0x000000074fa00000| Untracked 
| 243|0x000000074fb00000, 0x000000074fb00000, 0x000000074fc00000|  0%| F|  |TAMS 0x000000074fb00000, 0x000000074fb00000| Untracked 
| 244|0x000000074fc00000, 0x000000074fc00000, 0x000000074fd00000|  0%| F|  |TAMS 0x000000074fc00000, 0x000000074fc00000| Untracked 
| 245|0x000000074fd00000, 0x000000074fd00000, 0x000000074fe00000|  0%| F|  |TAMS 0x000000074fd00000, 0x000000074fd00000| Untracked 
| 246|0x000000074fe00000, 0x000000074fe00000, 0x000000074ff00000|  0%| F|  |TAMS 0x000000074fe00000, 0x000000074fe00000| Untracked 
| 247|0x000000074ff00000, 0x000000074ff00000, 0x0000000750000000|  0%| F|  |TAMS 0x000000074ff00000, 0x000000074ff00000| Untracked 
| 248|0x0000000750000000, 0x0000000750000000, 0x0000000750100000|  0%| F|  |TAMS 0x0000000750000000, 0x0000000750000000| Untracked 
| 249|0x0000000750100000, 0x0000000750100000, 0x0000000750200000|  0%| F|  |TAMS 0x0000000750100000, 0x0000000750100000| Untracked 
| 250|0x0000000750200000, 0x0000000750200000, 0x0000000750300000|  0%| F|  |TAMS 0x0000000750200000, 0x0000000750200000| Untracked 
| 251|0x0000000750300000, 0x0000000750300000, 0x0000000750400000|  0%| F|  |TAMS 0x0000000750300000, 0x0000000750300000| Untracked 
| 252|0x0000000750400000, 0x0000000750400000, 0x0000000750500000|  0%| F|  |TAMS 0x0000000750400000, 0x0000000750400000| Untracked 
| 253|0x0000000750500000, 0x0000000750500000, 0x0000000750600000|  0%| F|  |TAMS 0x0000000750500000, 0x0000000750500000| Untracked 
| 254|0x0000000750600000, 0x0000000750600000, 0x0000000750700000|  0%| F|  |TAMS 0x0000000750600000, 0x0000000750600000| Untracked 
| 255|0x0000000750700000, 0x0000000750700000, 0x0000000750800000|  0%| F|  |TAMS 0x0000000750700000, 0x0000000750700000| Untracked 
| 256|0x0000000750800000, 0x0000000750800000, 0x0000000750900000|  0%| F|  |TAMS 0x0000000750800000, 0x0000000750800000| Untracked 
| 257|0x0000000750900000, 0x0000000750900000, 0x0000000750a00000|  0%| F|  |TAMS 0x0000000750900000, 0x0000000750900000| Untracked 
| 258|0x0000000750a00000, 0x0000000750a00000, 0x0000000750b00000|  0%| F|  |TAMS 0x0000000750a00000, 0x0000000750a00000| Untracked 
| 259|0x0000000750b00000, 0x0000000750b00000, 0x0000000750c00000|  0%| F|  |TAMS 0x0000000750b00000, 0x0000000750b00000| Untracked 
| 260|0x0000000750c00000, 0x0000000750c00000, 0x0000000750d00000|  0%| F|  |TAMS 0x0000000750c00000, 0x0000000750c00000| Untracked 
| 261|0x0000000750d00000, 0x0000000750d00000, 0x0000000750e00000|  0%| F|  |TAMS 0x0000000750d00000, 0x0000000750d00000| Untracked 
| 262|0x0000000750e00000, 0x0000000750e00000, 0x0000000750f00000|  0%| F|  |TAMS 0x0000000750e00000, 0x0000000750e00000| Untracked 
| 263|0x0000000750f00000, 0x0000000750f00000, 0x0000000751000000|  0%| F|  |TAMS 0x0000000750f00000, 0x0000000750f00000| Untracked 
| 264|0x0000000751000000, 0x0000000751000000, 0x0000000751100000|  0%| F|  |TAMS 0x0000000751000000, 0x0000000751000000| Untracked 
| 265|0x0000000751100000, 0x0000000751100000, 0x0000000751200000|  0%| F|  |TAMS 0x0000000751100000, 0x0000000751100000| Untracked 
| 266|0x0000000751200000, 0x0000000751200000, 0x0000000751300000|  0%| F|  |TAMS 0x0000000751200000, 0x0000000751200000| Untracked 
| 267|0x0000000751300000, 0x0000000751300000, 0x0000000751400000|  0%| F|  |TAMS 0x0000000751300000, 0x0000000751300000| Untracked 
| 268|0x0000000751400000, 0x0000000751400000, 0x0000000751500000|  0%| F|  |TAMS 0x0000000751400000, 0x0000000751400000| Untracked 
| 269|0x0000000751500000, 0x0000000751500000, 0x0000000751600000|  0%| F|  |TAMS 0x0000000751500000, 0x0000000751500000| Untracked 
| 270|0x0000000751600000, 0x0000000751600000, 0x0000000751700000|  0%| F|  |TAMS 0x0000000751600000, 0x0000000751600000| Untracked 
| 271|0x0000000751700000, 0x0000000751700000, 0x0000000751800000|  0%| F|  |TAMS 0x0000000751700000, 0x0000000751700000| Untracked 
| 272|0x0000000751800000, 0x0000000751800000, 0x0000000751900000|  0%| F|  |TAMS 0x0000000751800000, 0x0000000751800000| Untracked 
| 273|0x0000000751900000, 0x0000000751900000, 0x0000000751a00000|  0%| F|  |TAMS 0x0000000751900000, 0x0000000751900000| Untracked 
| 274|0x0000000751a00000, 0x0000000751a00000, 0x0000000751b00000|  0%| F|  |TAMS 0x0000000751a00000, 0x0000000751a00000| Untracked 
| 275|0x0000000751b00000, 0x0000000751b00000, 0x0000000751c00000|  0%| F|  |TAMS 0x0000000751b00000, 0x0000000751b00000| Untracked 
| 276|0x0000000751c00000, 0x0000000751c00000, 0x0000000751d00000|  0%| F|  |TAMS 0x0000000751c00000, 0x0000000751c00000| Untracked 
| 277|0x0000000751d00000, 0x0000000751d00000, 0x0000000751e00000|  0%| F|  |TAMS 0x0000000751d00000, 0x0000000751d00000| Untracked 
| 278|0x0000000751e00000, 0x0000000751e00000, 0x0000000751f00000|  0%| F|  |TAMS 0x0000000751e00000, 0x0000000751e00000| Untracked 
| 279|0x0000000751f00000, 0x0000000751f00000, 0x0000000752000000|  0%| F|  |TAMS 0x0000000751f00000, 0x0000000751f00000| Untracked 
| 280|0x0000000752000000, 0x0000000752000000, 0x0000000752100000|  0%| F|  |TAMS 0x0000000752000000, 0x0000000752000000| Untracked 
| 281|0x0000000752100000, 0x0000000752100000, 0x0000000752200000|  0%| F|  |TAMS 0x0000000752100000, 0x0000000752100000| Untracked 
| 282|0x0000000752200000, 0x0000000752200000, 0x0000000752300000|  0%| F|  |TAMS 0x0000000752200000, 0x0000000752200000| Untracked 
| 283|0x0000000752300000, 0x0000000752300000, 0x0000000752400000|  0%| F|  |TAMS 0x0000000752300000, 0x0000000752300000| Untracked 
| 284|0x0000000752400000, 0x0000000752400000, 0x0000000752500000|  0%| F|  |TAMS 0x0000000752400000, 0x0000000752400000| Untracked 
| 285|0x0000000752500000, 0x0000000752500000, 0x0000000752600000|  0%| F|  |TAMS 0x0000000752500000, 0x0000000752500000| Untracked 
| 286|0x0000000752600000, 0x0000000752600000, 0x0000000752700000|  0%| F|  |TAMS 0x0000000752600000, 0x0000000752600000| Untracked 
| 287|0x0000000752700000, 0x0000000752700000, 0x0000000752800000|  0%| F|  |TAMS 0x0000000752700000, 0x0000000752700000| Untracked 
| 288|0x0000000752800000, 0x0000000752800000, 0x0000000752900000|  0%| F|  |TAMS 0x0000000752800000, 0x0000000752800000| Untracked 
| 289|0x0000000752900000, 0x0000000752900000, 0x0000000752a00000|  0%| F|  |TAMS 0x0000000752900000, 0x0000000752900000| Untracked 
| 290|0x0000000752a00000, 0x0000000752a00000, 0x0000000752b00000|  0%| F|  |TAMS 0x0000000752a00000, 0x0000000752a00000| Untracked 
| 291|0x0000000752b00000, 0x0000000752b00000, 0x0000000752c00000|  0%| F|  |TAMS 0x0000000752b00000, 0x0000000752b00000| Untracked 
| 292|0x0000000752c00000, 0x0000000752c00000, 0x0000000752d00000|  0%| F|  |TAMS 0x0000000752c00000, 0x0000000752c00000| Untracked 
| 293|0x0000000752d00000, 0x0000000752d00000, 0x0000000752e00000|  0%| F|  |TAMS 0x0000000752d00000, 0x0000000752d00000| Untracked 
| 294|0x0000000752e00000, 0x0000000752e00000, 0x0000000752f00000|  0%| F|  |TAMS 0x0000000752e00000, 0x0000000752e00000| Untracked 
| 295|0x0000000752f00000, 0x0000000752f00000, 0x0000000753000000|  0%| F|  |TAMS 0x0000000752f00000, 0x0000000752f00000| Untracked 
| 296|0x0000000753000000, 0x0000000753000000, 0x0000000753100000|  0%| F|  |TAMS 0x0000000753000000, 0x0000000753000000| Untracked 
| 297|0x0000000753100000, 0x0000000753100000, 0x0000000753200000|  0%| F|  |TAMS 0x0000000753100000, 0x0000000753100000| Untracked 
| 298|0x0000000753200000, 0x0000000753200000, 0x0000000753300000|  0%| F|  |TAMS 0x0000000753200000, 0x0000000753200000| Untracked 
| 299|0x0000000753300000, 0x00000007533b2cd0, 0x0000000753400000| 69%| E|  |TAMS 0x0000000753300000, 0x0000000753300000| Complete 
| 300|0x0000000753400000, 0x0000000753500000, 0x0000000753500000|100%| E|CS|TAMS 0x0000000753400000, 0x0000000753400000| Complete 
| 301|0x0000000753500000, 0x0000000753600000, 0x0000000753600000|100%| E|CS|TAMS 0x0000000753500000, 0x0000000753500000| Complete 
| 302|0x0000000753600000, 0x0000000753700000, 0x0000000753700000|100%| E|CS|TAMS 0x0000000753600000, 0x0000000753600000| Complete 
| 303|0x0000000753700000, 0x0000000753800000, 0x0000000753800000|100%| E|CS|TAMS 0x0000000753700000, 0x0000000753700000| Complete 
| 304|0x0000000753800000, 0x0000000753900000, 0x0000000753900000|100%| E|CS|TAMS 0x0000000753800000, 0x0000000753800000| Complete 
| 305|0x0000000753900000, 0x0000000753a00000, 0x0000000753a00000|100%| E|CS|TAMS 0x0000000753900000, 0x0000000753900000| Complete 
| 306|0x0000000753a00000, 0x0000000753b00000, 0x0000000753b00000|100%| E|CS|TAMS 0x0000000753a00000, 0x0000000753a00000| Complete 
| 307|0x0000000753b00000, 0x0000000753c00000, 0x0000000753c00000|100%| E|CS|TAMS 0x0000000753b00000, 0x0000000753b00000| Complete 
| 308|0x0000000753c00000, 0x0000000753d00000, 0x0000000753d00000|100%| E|CS|TAMS 0x0000000753c00000, 0x0000000753c00000| Complete 
| 309|0x0000000753d00000, 0x0000000753e00000, 0x0000000753e00000|100%| E|CS|TAMS 0x0000000753d00000, 0x0000000753d00000| Complete 
| 310|0x0000000753e00000, 0x0000000753f00000, 0x0000000753f00000|100%| E|CS|TAMS 0x0000000753e00000, 0x0000000753e00000| Complete 
| 311|0x0000000753f00000, 0x0000000754000000, 0x0000000754000000|100%| E|CS|TAMS 0x0000000753f00000, 0x0000000753f00000| Complete 
| 312|0x0000000754000000, 0x0000000754100000, 0x0000000754100000|100%| E|CS|TAMS 0x0000000754000000, 0x0000000754000000| Complete 
| 313|0x0000000754100000, 0x0000000754200000, 0x0000000754200000|100%| E|CS|TAMS 0x0000000754100000, 0x0000000754100000| Complete 
| 314|0x0000000754200000, 0x0000000754300000, 0x0000000754300000|100%| E|CS|TAMS 0x0000000754200000, 0x0000000754200000| Complete 
| 315|0x0000000754300000, 0x0000000754400000, 0x0000000754400000|100%| E|CS|TAMS 0x0000000754300000, 0x0000000754300000| Complete 
| 316|0x0000000754400000, 0x0000000754500000, 0x0000000754500000|100%| E|CS|TAMS 0x0000000754400000, 0x0000000754400000| Complete 
| 317|0x0000000754500000, 0x00000007545406e0, 0x0000000754600000| 25%| S|CS|TAMS 0x0000000754500000, 0x0000000754500000| Complete 
| 318|0x0000000754600000, 0x0000000754700000, 0x0000000754700000|100%| S|CS|TAMS 0x0000000754600000, 0x0000000754600000| Complete 
| 319|0x0000000754700000, 0x0000000754800000, 0x0000000754800000|100%| S|CS|TAMS 0x0000000754700000, 0x0000000754700000| Complete 
| 320|0x0000000754800000, 0x0000000754900000, 0x0000000754900000|100%| S|CS|TAMS 0x0000000754800000, 0x0000000754800000| Complete 
| 321|0x0000000754900000, 0x0000000754a00000, 0x0000000754a00000|100%| S|CS|TAMS 0x0000000754900000, 0x0000000754900000| Complete 
| 322|0x0000000754a00000, 0x0000000754b00000, 0x0000000754b00000|100%| S|CS|TAMS 0x0000000754a00000, 0x0000000754a00000| Complete 
| 323|0x0000000754b00000, 0x0000000754c00000, 0x0000000754c00000|100%| S|CS|TAMS 0x0000000754b00000, 0x0000000754b00000| Complete 
| 324|0x0000000754c00000, 0x0000000754d00000, 0x0000000754d00000|100%| E|CS|TAMS 0x0000000754c00000, 0x0000000754c00000| Complete 
| 325|0x0000000754d00000, 0x0000000754e00000, 0x0000000754e00000|100%| E|CS|TAMS 0x0000000754d00000, 0x0000000754d00000| Complete 
| 326|0x0000000754e00000, 0x0000000754effb10, 0x0000000754f00000| 99%| E|  |TAMS 0x0000000754e00000, 0x0000000754e00000| Complete 
| 327|0x0000000754f00000, 0x0000000755000000, 0x0000000755000000|100%| E|CS|TAMS 0x0000000754f00000, 0x0000000754f00000| Complete 
| 328|0x0000000755000000, 0x0000000755100000, 0x0000000755100000|100%| E|CS|TAMS 0x0000000755000000, 0x0000000755000000| Complete 
| 329|0x0000000755100000, 0x0000000755200000, 0x0000000755200000|100%| E|CS|TAMS 0x0000000755100000, 0x0000000755100000| Complete 
| 330|0x0000000755200000, 0x0000000755300000, 0x0000000755300000|100%| E|CS|TAMS 0x0000000755200000, 0x0000000755200000| Complete 
| 331|0x0000000755300000, 0x0000000755400000, 0x0000000755400000|100%| E|CS|TAMS 0x0000000755300000, 0x0000000755300000| Complete 
| 332|0x0000000755400000, 0x0000000755500000, 0x0000000755500000|100%| E|CS|TAMS 0x0000000755400000, 0x0000000755400000| Complete 
| 333|0x0000000755500000, 0x0000000755600000, 0x0000000755600000|100%| E|CS|TAMS 0x0000000755500000, 0x0000000755500000| Complete 
| 334|0x0000000755600000, 0x0000000755700000, 0x0000000755700000|100%| E|CS|TAMS 0x0000000755600000, 0x0000000755600000| Complete 
| 335|0x0000000755700000, 0x0000000755800000, 0x0000000755800000|100%| E|CS|TAMS 0x0000000755700000, 0x0000000755700000| Complete 
| 336|0x0000000755800000, 0x0000000755900000, 0x0000000755900000|100%| E|CS|TAMS 0x0000000755800000, 0x0000000755800000| Complete 
| 337|0x0000000755900000, 0x0000000755a00000, 0x0000000755a00000|100%| E|CS|TAMS 0x0000000755900000, 0x0000000755900000| Complete 

Card table byte_map: [0x0000000102e04000,0x0000000103204000] _byte_map_base: 0x00000000ff400000

Marking Bits (Prev, Next): (CMBitMap*) 0x000000012f831c18, (CMBitMap*) 0x000000012f831c50
 Prev Bits: [0x0000000115b0c000, 0x0000000117b0c000)
 Next Bits: [0x0000000128000000, 0x000000012a000000)

Polling page: 0x000000010268c000

Metaspace:

Usage:
  Non-class:    104.33 MB capacity,   100.72 MB ( 97%) used,     3.28 MB (  3%) free+waste,   337.44 KB ( <1%) overhead. 
      Class:     15.81 MB capacity,    13.76 MB ( 87%) used,     1.89 MB ( 12%) free+waste,   167.81 KB (  1%) overhead. 
       Both:    120.14 MB capacity,   114.48 MB ( 95%) used,     5.17 MB (  4%) free+waste,   505.25 KB ( <1%) overhead. 

Virtual space:
  Non-class space:      106.00 MB reserved,     104.42 MB ( 99%) committed 
      Class space:     1016.00 MB reserved,      15.88 MB (  2%) committed 
             Both:        1.10 GB reserved,     120.30 MB ( 11%) committed 

Chunk freelists:
   Non-Class:  77.00 KB
       Class:  0 bytes
        Both:  77.00 KB

MaxMetaspaceSize: 1.00 GB
CompressedClassSpaceSize: 1016.00 MB
Initial GC threshold: 20.80 MB
Current GC threshold: 198.62 MB
CDS: off

CodeHeap 'non-profiled nmethods': size=120032Kb used=8021Kb max_used=8021Kb free=112010Kb
 bounds [0x000000010e1d4000, 0x000000010e9b4000, 0x000000011570c000]
CodeHeap 'profiled nmethods': size=120016Kb used=38279Kb max_used=38577Kb free=81736Kb
 bounds [0x0000000106ca0000, 0x0000000109270000, 0x000000010e1d4000]
CodeHeap 'non-nmethods': size=5712Kb used=1508Kb max_used=1620Kb free=4203Kb
 bounds [0x000000010670c000, 0x000000010697c000, 0x0000000106ca0000]
 total_blobs=14890 nmethods=14015 adapters=784
 compilation: enabled
              stopped_count=0, restarted_count=0
 full_count=0

Compilation events (20 events):
Event: 128.372 Thread 0x000000012e86a000 15173       4       java.security.AccessControlContext::combine (205 bytes)
Event: 128.373 Thread 0x000000012e86b000 15176       3       java.util.Locale::hashCode (41 bytes)
Event: 128.376 Thread 0x000000012e86b000 nmethod 15176 0x0000000106d4c990 code [0x0000000106d4cb80, 0x0000000106d4ce30]
Event: 128.376 Thread 0x000000012e86b000 15174       3       java.text.DecimalFormat::getPositiveSuffixFieldPositions (41 bytes)
Event: 128.377 Thread 0x000000012e86b000 nmethod 15174 0x0000000106d4c390 code [0x0000000106d4c580, 0x0000000106d4c8c0]
Event: 128.377 Thread 0x000000012e86b000 15175       3       sun.nio.cs.StreamEncoder::<init> (56 bytes)
Event: 128.380 