#
# A fatal error has been detected by the Java Runtime Environment:
#
#  SIGSEGV (0xb) at pc=0x000000011e654df4, pid=60042, tid=69891
#
# JRE version: OpenJDK Runtime Environment Temurin-11.0.20+8 (11.0.20+8) (build 11.0.20+8)
# Java VM: OpenJDK 64-Bit Server VM Temurin-11.0.20+8 (11.0.20+8, mixed mode, tiered, compressed oops, g1 gc, bsd-aarch64)
# Problematic frame:
# C  [libcsutil.dylib+0x2cdf4]  flutil::CancelStopHandler::isCancelled() const+0x14
#
# No core dump will be written. Core dumps have been disabled. To enable core dumping, try "ulimit -c unlimited" before starting Java again
#
# If you would like to submit a bug report, please visit:
#   https://github.com/adoptium/adoptium-support/issues
#

---------------  S U M M A R Y ------------

Command Line: -Dcs.root=/Applications/COMSOL62/multiphysics -Dcatalina.home=/Applications/COMSOL62/multiphysics/bin/tomcat --add-opens=java.base/java.lang=ALL-UNNAMED --add-opens=java.base/java.io=ALL-UNNAMED --add-opens=java.rmi/sun.rmi.transport=ALL-UNNAMED -Dorg.osgi.service.log.admin.loglevel=DEBUG -Declipse.product=com.comsol.util.product -Dosgi.bundles=org.eclipse.update.configurator@1:start,org.eclipse.equinox.common@2:start,org.apache.felix.scr@1:start,org.eclipse.equinox.event@3:start,org.eclipse.core.runtime@start -Dosgi.bundles.defaultStartLevel=4 -Dosgi.startLevel=6 -Djava.util.logging.manager=org.apache.juli.ClassLoaderLogManager -Dcs.logoutput=file -Dcs.logfileprefix=mphserver -Djava.awt.headless=true -Djava.security.manager= -Djava.security.policy=/Applications/COMSOL62/multiphysics/bin/tomcat/conf/mphserver.policy -Dcs.javasecurity=on -Xss4m -Xms40m -Xmx2g -XX:MaxMetaspaceSize=1g -Dlog4j2.formatMsgNoLookups=true com.comsol.util.application.ServerApplication -login "auto" -graphics -autosave "off" -port "0" -forcecomsolgcc on

Host: Mac14,2 arm64 1 MHz, 8 cores, 8G, Darwin 24.0.0
Time: Fri Nov 29 00:44:29 2024 PST elapsed time: 1306.126224 seconds (0d 0h 21m 46s)

---------------  T H R E A D  ---------------

Current thread is native thread

Stack: [0x0000000302034000,0x0000000302833000],  sp=0x0000000302831e60,  free space=8183k
Native frames: (J=compiled Java code, A=aot compiled Java code, j=interpreted, Vv=VM code, C=native code)
C  [libcsutil.dylib+0x2cdf4]  flutil::CancelStopHandler::isCancelled() const+0x14
C  [libcsmesh.dylib+0x721704]  flmesh::MeshDelaunay3::MeshDelaunay3(std::__1::vector<std::__1::vector<double, std::__1::allocator<double>>, std::__1::allocator<std::__1::vector<double, std::__1::allocator<double>>>> const&, std::__1::shared_ptr<flutil::SimpleProgress>&)+0x99bdc
C  [libcsmesh.dylib+0x3f3384]  operator delete(void*)+0x1a5e44
C  [libcsmesh.dylib+0x47c078]  operator delete(void*)+0x22eb38
C  [libcsmesh.dylib+0x42cb04]  operator delete(void*)+0x1df5c4
C  [libcsmesh.dylib+0x44baec]  operator delete(void*)+0x1fe5ac
C  [libcsmesh.dylib+0x6db8b0]  flmesh::MeshDelaunay3::MeshDelaunay3(std::__1::vector<std::__1::vector<double, std::__1::allocator<double>>, std::__1::allocator<std::__1::vector<double, std::__1::allocator<double>>>> const&, std::__1::shared_ptr<flutil::SimpleProgress>&)+0x53d88
C  [libcsmesh.dylib+0x6d408c]  flmesh::MeshDelaunay3::MeshDelaunay3(std::__1::vector<std::__1::vector<double, std::__1::allocator<double>>, std::__1::allocator<std::__1::vector<double, std::__1::allocator<double>>>> const&, std::__1::shared_ptr<flutil::SimpleProgress>&)+0x4c564
C  [libcsmesh.dylib+0x6d3f60]  flmesh::MeshDelaunay3::MeshDelaunay3(std::__1::vector<std::__1::vector<double, std::__1::allocator<double>>, std::__1::allocator<std::__1::vector<double, std::__1::allocator<double>>>> const&, std::__1::shared_ptr<flutil::SimpleProgress>&)+0x4c438
C  [libomp.dylib+0x6adec]  __kmp_invoke_microtask+0x9c


siginfo: si_signo: 11 (SIGSEGV), si_code: 2 (SEGV_ACCERR), si_addr: 0x0000a18acf766248

Register to memory mapping:

 x0=
[error occurred during error reporting (printing register info), id 0xb, SIGSEGV (0xb) at pc=0x0000000101d2e8a0]

Registers:
 x0=0x0000600002976220  x1=0x0000000191e29968  x2=0x0000000000000400  x3=0x0000000000000007
 x4=0x0000000000000788  x5=0x0000600005d2b1e0  x6=0x000000030283145c  x7=0x0000600005d28d20
 x8=0x0000a18acf766220  x9=0x0000000000016602 x10=0x0000000319bd0000 x11=0x0000000000000003
x12=0x0000600002c64b80 x13=0x00000000000007fd x14=0x00000000d9e9d2c6 x15=0x00000000d9c9cac7
x16=0x000000011e71aaa0 x17=0x00000000000002c6 x18=0x0000000000000000 x19=0x0000600009000018
x20=0x0000000302832560 x21=0x0000600009000018 x22=0x00000000004c4b40 x23=0x0000000000000001
x24=0x000000000000b301 x25=0x00000000000216a2 x26=0x0000000302832228 x27=0x0000000302832218
x28=0x00000003028321e0  fp=0x0000000302831eb0  lr=0x00000001209bbe80  sp=0x0000000302831e60
pc=0x000000011e654df4 cpsr=0x0000000020001000
Top of Stack: (sp=0x0000000302831e60)
0x0000000302831e60:   0000000000000000 0000000000000000
0x0000000302831e70:   4024000000000000 3fe428f5c28f5c29
0x0000000302831e80:   3fea2a5dbc476fb2 3ffb7b95448a1e40
0x0000000302831e90:   00000000004c4b40 0000600009000018
0x0000000302831ea0:   0000000302832560 0000600009000018
0x0000000302831eb0:   0000000302831ee0 00000001209bd704
0x0000000302831ec0:   3fea2a5dbc476fb2 3ffb7b95448a1e40
0x0000000302831ed0:   0000000302832560 000000000000b300
0x0000000302831ee0:   0000000302832510 000000012068f384
0x0000000302831ef0:   000000016802ea60 000216a26802ebc0
0x0000000302831f00:   0000000302832520 0000000000001a5d
0x0000000302831f10:   0000000000001a5d 0000600012af48d0
0x0000000302831f20:   0000000000000018 0000000000001a5d
0x0000000302831f30:   000060002241e010 0000000000000000
0x0000000302831f40:   0000000302832150 000000012034ca28
0x0000000302831f50:   0000000000000000 0000000000000000
0x0000000302831f60:   0000000000000000 0000000000000000
0x0000000302831f70:   0000000000000000 0000000000000000
0x0000000302831f80:   000000033cf40000 000000033cf52900
0x0000000302831f90:   000000033cf52900 0000000000000000
0x0000000302831fa0:   0000000000000000 0000000000000000
0x0000000302831fb0:   0000000132b9fc00 0000000132ba5f00
0x0000000302831fc0:   0000000132ba5f00 0000000302831fd0
0x0000000302831fd0:   0000000000000000 0000000000000000
0x0000000302831fe0:   0000000302831fe8 0000000000000000
0x0000000302831ff0:   0000000000000000 0000000000000630
0x0000000302832000:   0000000302832008 0000000000000000
0x0000000302832010:   0000000000000000 0000600000000000
0x0000000302832020:   0000000000000000 000060003e9b8400
0x0000000302832030:   000060003e9b8418 000060003e9b8418
0x0000000302832040:   0000000000000000 0000000000000000
0x0000000302832050:   0000000000000000 0000000000000000 

Instructions: (pc=0x000000011e654df4)
0x000000011e654cf4:   0a 00 f0 d2 0a 01 0a 8b 3f 01 0a eb 61 00 00 54
0x000000011e654d04:   60 62 00 91 0a 00 00 14 3f 01 0a ea ea 00 00 54
0x000000011e654d14:   20 f9 40 92 09 00 f0 d2 08 01 09 8b 01 f9 40 92
0x000000011e654d24:   72 97 03 94 e0 fe ff 34 00 00 80 d2 fd 7b 41 a9
0x000000011e654d34:   f4 4f c2 a8 c0 03 5f d6 bc 94 03 14 1f 00 00 39
0x000000011e654d44:   c0 03 5f d6 1f 00 00 39 c0 03 5f d6 c0 03 5f d6
0x000000011e654d54:   c0 03 5f d6 01 00 00 39 e1 00 00 34 