#
# A fatal error has been detected by the Java Runtime Environment:
#
#  SIGSEGV (0xb) at pc=0x0000000121e2cdf4, pid=38341, tid=68355
#
# JRE version: OpenJDK Runtime Environment Temurin-11.0.20+8 (11.0.20+8) (build 11.0.20+8)
# Java VM: OpenJDK 64-Bit Server VM Temurin-11.0.20+8 (11.0.20+8, mixed mode, tiered, compressed oops, g1 gc, bsd-aarch64)
# Problematic frame:
# C  [libcsutil.dylib+0x2cdf4]  flutil::CancelStopHandler::isCancelled() const+0x14
#
# No core dump will be written. Core dumps have been disabled. To enable core dumping, try "ulimit -c unlimited" before starting Java again
#
# If you would like to submit a bug report, please visit:
#   https://github.com/adoptium/adoptium-support/issues
#

---------------  S U M M A R Y ------------

Command Line: -Dcs.root=/Applications/COMSOL62/multiphysics -Dcatalina.home=/Applications/COMSOL62/multiphysics/bin/tomcat --add-opens=java.base/java.lang=ALL-UNNAMED --add-opens=java.base/java.io=ALL-UNNAMED --add-opens=java.rmi/sun.rmi.transport=ALL-UNNAMED -Dorg.osgi.service.log.admin.loglevel=DEBUG -Declipse.product=com.comsol.util.product -Dosgi.bundles=org.eclipse.update.configurator@1:start,org.eclipse.equinox.common@2:start,org.apache.felix.scr@1:start,org.eclipse.equinox.event@3:start,org.eclipse.core.runtime@start -Dosgi.bundles.defaultStartLevel=4 -Dosgi.startLevel=6 -Djava.util.logging.manager=org.apache.juli.ClassLoaderLogManager -Dcs.logoutput=file -Dcs.logfileprefix=mphserver -Djava.awt.headless=true -Djava.security.manager= -Djava.security.policy=/Applications/COMSOL62/multiphysics/bin/tomcat/conf/mphserver.policy -Dcs.javasecurity=on -Xss4m -Xms40m -Xmx2g -XX:MaxMetaspaceSize=1g -Dlog4j2.formatMsgNoLookups=true com.comsol.util.application.ServerApplication -login "auto" -graphics -autosave "off" -port "0" -forcecomsolgcc on

Host: Mac14,2 arm64 1 MHz, 8 cores, 8G, Darwin 24.0.0
Time: Thu Nov 28 14:09:38 2024 PST elapsed time: 718.323068 seconds (0d 0h 11m 58s)

---------------  T H R E A D  ---------------

Current thread is native thread

Stack: [0x0000000301420000,0x0000000301c1f000],  sp=0x0000000301c1e9a0,  free space=8186k
Native frames: (J=compiled Java code, A=aot compiled Java code, j=interpreted, Vv=VM code, C=native code)
C  [libcsutil.dylib+0x2cdf4]  flutil::CancelStopHandler::isCancelled() const+0x14
C  [libcsmesh.dylib+0x721914]  flmesh::MeshDelaunay3::MeshDelaunay3(std::__1::vector<std::__1::vector<double, std::__1::allocator<double>>, std::__1::allocator<std::__1::vector<double, std::__1::allocator<double>>>> const&, std::__1::shared_ptr<flutil::SimpleProgress>&)+0x99dec
C  [libcsmesh.dylib+0x6db89c]  flmesh::MeshDelaunay3::MeshDelaunay3(std::__1::vector<std::__1::vector<double, std::__1::allocator<double>>, std::__1::allocator<std::__1::vector<double, std::__1::allocator<double>>>> const&, std::__1::shared_ptr<flutil::SimpleProgress>&)+0x53d74
C  [libcsmesh.dylib+0x6d408c]  flmesh::MeshDelaunay3::MeshDelaunay3(std::__1::vector<std::__1::vector<double, std::__1::allocator<double>>, std::__1::allocator<std::__1::vector<double, std::__1::allocator<double>>>> const&, std::__1::shared_ptr<flutil::SimpleProgress>&)+0x4c564
C  [libcsmesh.dylib+0x6d3f60]  flmesh::MeshDelaunay3::MeshDelaunay3(std::__1::vector<std::__1::vector<double, std::__1::allocator<double>>, std::__1::allocator<std::__1::vector<double, std::__1::allocator<double>>>> const&, std::__1::shared_ptr<flutil::SimpleProgress>&)+0x4c438
C  [libomp.dylib+0x6adec]  __kmp_invoke_microtask+0x9c


siginfo: si_signo: 11 (SIGSEGV), si_code: 2 (SEGV_ACCERR), si_addr: 0x0000a606fe945ca8

Register to memory mapping:

 x0=
[error occurred during error reporting (printing register info), id 0xb, SIGSEGV (0xb) at pc=0x000000010210a8a0]

Registers:
 x0=0x0000600001555c80  x1=0x0000000000000008  x2=0x000000012127e418  x3=0x0000000000000001
 x4=0x0000000000000001  x5=0x000000017fff4b68  x6=0x0000000301c1eae0  x7=0x0000000000000008
 x8=0x0000a606fe945c80  x9=0x00000001210cca00 x10=0x0000000000000008 x11=0x0000000000000000
x12=0x0000000000000008 x13=0x0000000000000001 x14=0x00000000000000c0 x15=0x00000000ffffffff
x16=0x0000000121ef2aa0 x17=0x00000001200dce40 x18=0x0000000000000000 x19=0x0000600006c18018
x20=0x0000000000000008 x21=0x000000017fff4b30 x22=0x000000017fff4b68 x23=0x0000000000000001
x24=0x000000000000000c x25=0x00000001253fc280 x26=0x0000000000000008 x27=0x0000000000000007
x28=0x0000000000000044  fp=0x0000000301c1e9f0  lr=0x0000000124f1fe80  sp=0x0000000301c1e9a0
pc=0x0000000121e2cdf4 cpsr=0x0000000060001000
Top of Stack: (sp=0x0000000301c1e9a0)
0x0000000301c1e9a0:   000000000000000c 0000000000000002
0x0000000301c1e9b0:   00000001e8ba9868 0000000184414568
0x0000000301c1e9c0:   0000000000000000 0000000000000000
0x0000000301c1e9d0:   000000017fff4b68 000000017fff4b30
0x0000000301c1e9e0:   0000000000000008 0000600006c18018
0x0000000301c1e9f0:   0000000301c1ea10 0000000124f21914
0x0000000301c1ea00:   0000000000000001 000000012127e418
0x0000000301c1ea10:   0000000301c1eac0 0000000124edb89c
0x0000000301c1ea20:   0000000301c1eac0 0000000100d5a0b0
0x0000000301c1ea30:   0000000100000003 4000002301c1eb48
0x0000000301c1ea40:   0000000000005dc1 0000000065636146
0x0000000301c1ea50:   0000000301c1ea70 0400000000000000
0x0000000301c1ea60:   00006000146c95f0 0000000000000020
0x0000000301c1ea70:   000000000000006c 000000000000000c
0x0000000301c1ea80:   000000000000000d 00000001253fc280
0x0000000301c1ea90:   000000000000000c 000000017fff44d8
0x0000000301c1eaa0:   0000000000000001 0000000000000001
0x0000000301c1eab0:   000000017fff4b30 000000017fff4b68
0x0000000301c1eac0:   0000000301c1eb40 0000000124ed408c
0x0000000301c1ead0:   00000001200c6d30 0000000000d9a240
0x0000000301c1eae0:   0000000800000001 0000000000000008
0x0000000301c1eaf0:   0000000000000001 0000000000000101
0x0000000301c1eb00:   0000000100d93260 0000000100d9a240
0x0000000301c1eb10:   0000000100d9a220 0000000143fce740
0x0000000301c1eb20:   0000000301c1ebc8 0000000000000003
0x0000000301c1eb30:   000000000000000c 0000000301c1ebc8
0x0000000301c1eb40:   0000000301c1eb50 0000000124ed3f60
0x0000000301c1eb50:   0000000301c1eba0 0000000100d82dec
0x0000000301c1eb60:   000000000000000c 0000000100000000
0x0000000301c1eb70:   0000000000000001 0000000000000101
0x0000000301c1eb80:   000000000000000c 0000000100d92f18
0x0000000301c1eb90:   0000000100d9b540 0000000c00000003 

Instructions: (pc=0x0000000121e2cdf4)
0x0000000121e2ccf4:   0a 00 f0 d2 0a 01 0a 8b 3f 01 0a eb 61 00 00 54
0x0000000121e2cd04:   60 62 00 91 0a 00 00 14 3f 01 0a ea ea 00 00 54
0x0000000121e2cd14:   20 f9 40 92 09 00 f0 d2 08 01 09 8b 01 f9 40 92
0x0000000121e2cd24:   72 97 03 94 e0 fe ff 34 00 00 80 d2 fd 7b 41 a9
0x0000000121e2cd34:   f4 4f c2 a8 c0 03 5f d6 bc 94 03 14 1f 00 00 39
0x0000000121e2cd44:   c0 03 5f d6 1f 00 00 39 c0 03 5f d6 c0 03 5f d6
0x0000000121e2cd54:   c0 03 5f d6 01 00 00 39 e1 00 00 34 a8 08 00 b0
0x0000000121e2cd64:   00