#
# A fatal error has been detected by the Java Runtime Environment:
#
#  SIGSEGV (0xb) at pc=0x000000012f7bcdf4, pid=55304, tid=84227
#
# JRE version: OpenJDK Runtime Environment Temurin-11.0.20+8 (11.0.20+8) (build 11.0.20+8)
# Java VM: OpenJDK 64-Bit Server VM Temurin-11.0.20+8 (11.0.20+8, mixed mode, tiered, compressed oops, g1 gc, bsd-aarch64)
# Problematic frame:
# C  [libcsutil.dylib+0x2cdf4]  flutil::CancelStopHandler::isCancelled() const+0x14
#
# No core dump will be written. Core dumps have been disabled. To enable core dumping, try "ulimit -c unlimited" before starting Java again
#
# If you would like to submit a bug report, please visit:
#   https://github.com/adoptium/adoptium-support/issues
#

---------------  S U M M A R Y ------------

Command Line: -Dcs.root=/Applications/COMSOL62/multiphysics -Dcatalina.home=/Applications/COMSOL62/multiphysics/bin/tomcat --add-opens=java.base/java.lang=ALL-UNNAMED --add-opens=java.base/java.io=ALL-UNNAMED --add-opens=java.rmi/sun.rmi.transport=ALL-UNNAMED -Dorg.osgi.service.log.admin.loglevel=DEBUG -Declipse.product=com.comsol.util.product -Dosgi.bundles=org.eclipse.update.configurator@1:start,org.eclipse.equinox.common@2:start,org.apache.felix.scr@1:start,org.eclipse.equinox.event@3:start,org.eclipse.core.runtime@start -Dosgi.bundles.defaultStartLevel=4 -Dosgi.startLevel=6 -Djava.util.logging.manager=org.apache.juli.ClassLoaderLogManager -Dcs.logoutput=file -Dcs.logfileprefix=mphserver -Djava.awt.headless=true -Djava.security.manager= -Djava.security.policy=/Applications/COMSOL62/multiphysics/bin/tomcat/conf/mphserver.policy -Dcs.javasecurity=on -Xss4m -Xms40m -Xmx2g -XX:MaxMetaspaceSize=1g -Dlog4j2.formatMsgNoLookups=true com.comsol.util.application.ServerApplication -login "auto" -graphics -autosave "off" -port "0" -forcecomsolgcc on

Host: Mac14,2 arm64 1 MHz, 8 cores, 8G, Darwin 24.0.0
Time: Thu Nov 28 21:44:38 2024 PST elapsed time: 165.579177 seconds (0d 0h 2m 45s)

---------------  T H R E A D  ---------------

Current thread is native thread

Stack: [0x0000000305074000,0x0000000305873000],  sp=0x0000000305871e00,  free space=8183k
Native frames: (J=compiled Java code, A=aot compiled Java code, j=interpreted, Vv=VM code, C=native code)
C  [libcsutil.dylib+0x2cdf4]  flutil::CancelStopHandler::isCancelled() const+0x14
C  [libcsmesh.dylib+0x721704]  flmesh::MeshDelaunay3::MeshDelaunay3(std::__1::vector<std::__1::vector<double, std::__1::allocator<double>>, std::__1::allocator<std::__1::vector<double, std::__1::allocator<double>>>> const&, std::__1::shared_ptr<flutil::SimpleProgress>&)+0x99bdc
C  [libcsmesh.dylib+0x6334c4]  operator delete(void*)+0x3e5f84
C  [libcsmesh.dylib+0x7351fc]  flmesh::MeshDelaunay3::MeshDelaunay3(std::__1::vector<std::__1::vector<double, std::__1::allocator<double>>, std::__1::allocator<std::__1::vector<double, std::__1::allocator<double>>>> const&, std::__1::shared_ptr<flutil::SimpleProgress>&)+0xad6d4
C  [libcsmesh.dylib+0x7419dc]  flmesh::MeshDelaunay3::MeshDelaunay3(std::__1::vector<std::__1::vector<double, std::__1::allocator<double>>, std::__1::allocator<std::__1::vector<double, std::__1::allocator<double>>>> const&, std::__1::shared_ptr<flutil::SimpleProgress>&)+0xb9eb4
C  [libcsmesh.dylib+0x6df108]  flmesh::MeshDelaunay3::MeshDelaunay3(std::__1::vector<std::__1::vector<double, std::__1::allocator<double>>, std::__1::allocator<std::__1::vector<double, std::__1::allocator<double>>>> const&, std::__1::shared_ptr<flutil::SimpleProgress>&)+0x575e0
C  [libcsmesh.dylib+0x6de010]  flmesh::MeshDelaunay3::MeshDelaunay3(std::__1::vector<std::__1::vector<double, std::__1::allocator<double>>, std::__1::allocator<std::__1::vector<double, std::__1::allocator<double>>>> const&, std::__1::shared_ptr<flutil::SimpleProgress>&)+0x564e8
C  [libcsmesh.dylib+0x6dfaac]  flmesh::MeshDelaunay3::MeshDelaunay3(std::__1::vector<std::__1::vector<double, std::__1::allocator<double>>, std::__1::allocator<std::__1::vector<double, std::__1::allocator<double>>>> const&, std::__1::shared_ptr<flutil::SimpleProgress>&)+0x57f84
C  [libcsmesh.dylib+0x6daaf8]  flmesh::MeshDelaunay3::MeshDelaunay3(std::__1::vector<std::__1::vector<double, std::__1::allocator<double>>, std::__1::allocator<std::__1::vector<double, std::__1::allocator<double>>>> const&, std::__1::shared_ptr<flutil::SimpleProgress>&)+0x52fd0
C  [libomp.dylib+0x6adec]  __kmp_invoke_microtask+0x9c


siginfo: si_signo: 11 (SIGSEGV), si_code: 2 (SEGV_ACCERR), si_addr: 0x000089af5ce044c8

Register to memory mapping:

 x0=
[error occurred during error reporting (printing register info), id 0xb, SIGSEGV (0xb) at pc=0x0000000103e768a0]

Registers:
 x0=0x0000600003f344a0  x1=0x000000000000070c  x2=0x0000000000000684  x3=0x0000000000000001
 x4=0x0000000000000001  x5=0x00000000864917fb  x6=0x0000000006600000  x7=0x0000000000000001
 x8=0x000089af5ce044a0  x9=0x00000001278bc940 x10=0x0000000000000050 x11=0x0000000322168000
x12=0x0000000000000014 x13=0x0000000000000001 x14=0x00000000fffffedd x15=0x00000000000007fb
x16=0x000000012f882aa0 x17=0x00000001f0d78c28 x18=0x0000000000000000 x19=0x000060000c643828
x20=0x0000000305872990 x21=0x000000000023a4a0 x22=0x0000000305872300 x23=0x0000000305872800
x24=0x0000000000023a4a x25=0xaaaaaaaaaaaaaaab x26=0x0000000305872938 x27=0x0000000305871f00
x28=0x0000000305871fe0  fp=0x0000000305871e50  lr=0x000000017b74fe80  sp=0x0000000305871e00
pc=0x000000012f7bcdf4 cpsr=0x0000000020001000
Top of Stack: (sp=0x0000000305871e00)
0x0000000305871e00:   0000000305872990 000060000c643828
0x0000000305871e10:   0000000305871e80 0000000102aea368
0x0000000305871e20:   0000000305871e80 000000017b750d08
0x0000000305871e30:   0000000305872300 000000000023a4a0
0x0000000305871e40:   0000000305872990 000060000c643828
0x0000000305871e50:   0000000305871e80 000000017b751704
0x0000000305871e60:   3fe3333333333333 0000000000000000
0x0000000305871e70:   0000000305872990 00000003115ebc00
0x0000000305871e80:   0000000305872120 000000017b6634c4
0x0000000305871e90:   0000000305871f1f 0000600000ecfe48
0x0000000305871ea0:   0000000305871ef0 000000017b129488
0x0000000305871eb0:   0000600000ecfe30 00000003058720c0
0x0000000305871ec0:   0000000305872090 0000000305871fd8
0x0000000305871ed0:   0000000305872818 0000600000ecfe00
0x0000000305871ee0:   0000000000000018 0000600000ecfde0
0x0000000305871ef0:   0000000305871f60 000000018426f9a0
0x0000000305871f00:   0000000305871f60 0000000184269e40
0x0000000305871f10:   0000600000ecfe48 0100000184268b44
0x0000000305871f20:   000000032c5e9d00 0000000321f28000
0x0000000305871f30:   00000003115ebc00 0000000000000000
0x0000000305871f40:   0000000000000005 0000000102924380
0x0000000305871f50:   0000000102950a00 0000000102953c00
0x0000000305871f60:   0000000305872040 0000000184269598
0x0000000305871f70:   0000000000000000 000060003187e010
0x0000000305871f80:   000060003187dff8 000060003187dfe0
0x0000000305871f90:   0000000305872080 000000017b12a9c4
0x0000000305871fa0:   0000000000000003 0000000000000001
0x0000000305871fb0:   0000600013c6df40 0000000000000003
0x0000000305871fc0:   0000000000000000 00000003248e0000
0x0000000305871fd0:   0000000324c376f0 0000000324ce0000
0x0000000305871fe0:   0000000305871fe0 0000000305871fe0
0x0000000305871ff0:   0000000000000000 00006000431e7f60 

Instructions: (pc=0x000000012f7bcdf4)
0x000000012f7bccf4:   0a 00 f0 d2 0a 01 0a 8b 3f 01 0a eb 61 00 00 54
0x000000012f7bcd04:   60 62 00 91 0a 00 00 14 3f 01 0a ea ea 00 00 54
0x000000012f7bcd14:   20 f9 40 92 09 00 f0 d2 08 01 09 8b 01 f9 40 92
0x000000012f7bcd24:   72 97 03 94 e0 fe ff 34 00 00 80 d2 fd 7b 41 a9
0x000000012f7bcd34:   f4 4f c2 a8 c0 03 5f d6 bc 94 03 14 1f 00 00 39
0x000000012f7bcd44:   c0 03 5f d6 1f 00 00 39 c0 03 5f d6 c0 03 5f d6
0x000000012f7bcd54:   c0 03 5f d6 01 00 00 39 e1 00 00 34 a8 08 00 b0
0x000000012f7bcd64:   00 f1 44 f9 08 00 40 f9 03 21 40 f9 e1 03 02 aa
0x000000012f7bcd74:   60 00 1f d6 c0 03 5f d6 08 00 40 39 c8 00 00 34
0x000000012f7bcd84:   a8 08 00 b0 00 f1 44 f9 08 00 40 f9 02 09 40 f9
0x000000012f7bcd94:   40 00 1f d6 c0 03 5f d6 08 00 40 39 c8 00 00 34
0x000000012f7bcda4:   a8 08 00 b0 00 f1 44 f9 08 00 40 f9 02 0d 40 f9
0x000000012f7bcdb4:   40 00 1f d6 00 00 80 52 c0 03 5f d6 08 00 40 39
0x000000012f7bcdc4:   c8 00 00 34 a8 08 00 b0 00 f1 44 f9 08 00 40 f9
0x000000012f7bcdd4:   01 11 40 f9 20 00 1f d6 c0 03 5f d6 08 00 40 39
0x000000012f7bcde4:   c8 00 00 34 a8 08 00 b0 00 f1 44 f9 08 00 40 f9
0x000000012f7bcdf4:   01 15 40 f9 20 00 1f d6 00 00 80 52 c0 03 5f d6
0x000000012f7bce04:   09 00 40 39 a8 08 00 b0 00 f1 44 f9 08 00 40 f9
0x000000012f7bce14:   69 00 00 34 01 19 40 f9 20 00 1f d6 01 1d 40 f9
0x000000012f7bce24:   20 00 1f d6 f4 4f be a9 fd 7b 01 a9 fd 43 00 91
0x000000012f7bce34:   09 20 40 a9 88 00 00 b4 0a 21 00 91 2b 00 80 52
0x000000012f7bce44:   4a 01 2b f8 aa 08 00 b0 4a 81 27 91 53 05 40 f9
0x000000012f7bce54:   49 21 00 a9 b3 00 00 b4 68 22 00 91 09 00 80 92
0x000000012f7bce64:   08 01 e9 f8 88 00 00 b4 fd 7b 41 a9 f4 4f c2 a8
0x000000012f7bce74:   c0 03 5f d6 68 02 40 f9 08 09 40 f9 e0 03 13 aa
0x000000012f7bce84:   00 01 3f d6 e0 03 13 aa fd 7b 41 a9 f4 4f c2 a8
0x000000012f7bce94:   87 95 03 14 c0 03 5f d6 c0 03 5f d6 c0 03 5f d6
0x000000012f7bcea4:   c0 03 5f d6 a8 08 00 b0 00 f1 44 f9 08 00 40 f9
0x000000012f7bceb4:   02 0d 40 f9 40 00 1f d6 a8 08 00 b0 00 f1 44 f9
0x000000012f7bcec4:   08 00 40 f9 01 15 40 f9 20 00 1f d6 f4 4f be a9
0x000000012f7bced4:   fd 7b 01 a9 fd 43 00 91 00 03 80 52 3b 94 03 94
0x000000012f7bcee4:   f3 03 00 aa 68 08 00 d0 08 61 05 91 08 00 00 f9 


Stack slot to memory mapping:
stack at sp + 0 slots: 
[error occurred during error reporting (inspecting top of stack), id 0xb, SIGSEGV (0xb) at pc=0x0000000103e768a0]


---------------  P R O C E S S  ---------------

VM state:at safepoint (shutting down)

VM Mutex/Monitor currently owned by a thread:  ([mutex/lock_event])
[0x0000600001065a00] Threads_lock - owner thread: 0x000000012884c000

Heap address: 0x0000000740800000, size: 2048 MB, Compressed Oops mode: Zero based, Oop shift amount: 3
Narrow klass base: 0x0000000800000000, Narrow klass shift: 0
Compressed class space size: 1065353216 Address: 0x0000000800000000

Heap:
 garbage-first heap   total 397312K, used 144674K [0x0000000740800000, 0x00000007c0800000)
  region size 1024K, 21 young (21504K), 0 survivors (0K)
 Metaspace       used 119294K, capacity 125096K, committed 125296K, reserved 1150976K
  class space    used 14176K, capacity 16283K, committed 16320K, reserved 1040384K
Heap Regions: E=young(eden), S=young(survivor), O=old, HS=humongous(starts), HC=humongous(continues), CS=collection set, F=free, A=archive, TAMS=top-at-mark-start (previous, next)
|   0|0x0000000740800000, 0x00000007408ffff8, 0x0000000740900000| 99%| O|  |TAMS 0x0000000740800000, 0x0000000740800000| Untracked 
|   1|0x0000000740900000, 0x0000000740a00000, 0x0000000740a00000|100%| O|  |TAMS 0x0000000740900000, 0x0000000740900000| Untracked 
|   2|0x0000000740a00000, 0x0000000740affff0, 0x0000000740b00000| 99%| O|  |TAMS 0x0000000740a00000, 0x0000000740a00000| Untracked 
|   3|0x0000000740b00000, 0x0000000740bfff60, 0x0000000740c00000| 99%| O|  |TAMS 0x0000000740b00000, 0x0000000740b00000| Untracked 
|   4|0x0000000740c00000, 0x0000000740cffff0, 0x0000000740d00000| 99%| O|  |TAMS 0x0000000740c00000, 0x0000000740c00000| Untracked 
|   5|0x0000000740d00000, 0x0000000740dffff8, 0x0000000740e00000| 99%| O|  |TAMS 0x0000000740d00000, 0x0000000740d00000| Untracked 
|   6|0x0000000740e00000, 0x0000000740efffd8, 0x0000000740f00000| 99%| O|  |TAMS 0x0000000740e00000, 0x0000000740e00000| Untracked 
|   7|0x0000000740f00000, 0x0000000740ffffe8, 0x0000000741000000| 99%| O|  |TAMS 0x0000000740f00000, 0x0000000740f00000| Untracked 
|   8|0x0000000741000000, 0x00000007410fffb8, 0x0000000741100000| 99%| O|  |TAMS 0x0000000741000000, 0x0000000741000000| Untracked 
|   9|0x0000000741100000, 0x0000000741200000, 0x0000000741200000|100%| O|  |TAMS 0x0000000741100000, 0x0000000741100000| Untracked 
|  10|0x0000000741200000, 0x0000000741300000, 0x0000000741300000|100%|HS|  |TAMS 0x0000000741200000, 0x0000000741200000| Untracked 
|  11|0x0000000741300000, 0x00000007413fffe0, 0x0000000741400000| 99%| O|  |TAMS 0x0000000741300000, 0x0000000741300000| Untracked 
|  12|0x0000000741400000, 0x00000007414fcb58, 0x0000000741500000| 98%| O|  |TAMS 0x0000000741400000, 0x0000000741400000| Untracked 
|  13|0x0000000741500000, 0x00000007415ffff8, 0x0000000741600000| 99%| O|  |TAMS 0x0000000741500000, 0x0000000741500000| Untracked 
|  14|0x0000000741600000, 0x00000007416fffe8, 0x0000000741700000| 99%| O|  |TAMS 0x0000000741600000, 0x0000000741600000| Untracked 
|  15|0x0000000741700000, 0x00000007417ffff8, 0x0000000741800000| 99%| O|  |TAMS 0x0000000741700000, 0x0000000741700000| Untracked 
|  16|0x0000000741800000, 0x0000000741900000, 0x0000000741900000|100%| O|  |TAMS 0x0000000741800000, 0x0000000741800000| Untracked 
|  17|0x0000000741900000, 0x00000007419fffe0, 0x0000000741a00000| 99%| O|  |TAMS 0x0000000741900000, 0x0000000741900000| Untracked 
|  18|0x0000000741a00000, 0x0000000741affff0, 0x0000000741b00000| 99%| O|  |TAMS 0x0000000741a00000, 0x0000000741a00000| Untracked 
|  19|0x0000000741b00000, 0x0000000741c00000, 0x0000000741c00000|100%| O|  |TAMS 0x0000000741b00000, 0x0000000741b00000| Untracked 
|  20|0x0000000741c00000, 0x0000000741cfffe0, 0x0000000741d00000| 99%| O|  |TAMS 0x0000000741c00000, 0x0000000741c00000| Untracked 
|  21|0x0000000741d00000, 0x0000000741dfffd8, 0x0000000741e00000| 99%| O|  |TAMS 0x0000000741d00000, 0x0000000741d00000| Untracked 
|  22|0x0000000741e00000, 0x0000000741f00000, 0x0000000741f00000|100%|HS|  |TAMS 0x0000000741e00000, 0x0000000741e00000| Untracked 
|  23|0x0000000741f00000, 0x0000000741ffff80, 0x0000000742000000| 99%| O|  |TAMS 0x0000000741f00000, 0x0000000741f00000| Untracked 
|  24|0x0000000742000000, 0x00000007420fff70, 0x0000000742100000| 99%| O|  |TAMS 0x0000000742000000, 0x0000000742000000| Untracked 
|  25|0x0000000742100000, 0x0000000742200000, 0x0000000742200000|100%| O|  |TAMS 0x0000000742100000, 0x0000000742100000| Untracked 
|  26|0x0000000742200000, 0x00000007422ffff8, 0x0000000742300000| 99%| O|  |TAMS 0x0000000742200000, 0x0000000742200000| Untracked 
|  27|0x0000000742300000, 0x0000000742400000, 0x0000000742400000|100%|HS|  |TAMS 0x0000000742300000, 0x0000000742300000| Untracked 
|  28|0x0000000742400000, 0x00000007424ffff8, 0x0000000742500000| 99%| O|  |TAMS 0x0000000742400000, 0x0000000742400000| Untracked 
|  29|0x0000000742500000, 0x00000007425fffe8, 0x0000000742600000| 99%| O|  |TAMS 0x0000000742500000, 0x0000000742500000| Untracked 
|  30|0x0000000742600000, 0x00000007426ffff0, 0x0000000742700000| 99%| O|  |TAMS 0x0000000742600000, 0x0000000742600000| Untracked 
|  31|0x0000000742700000, 0x0000000742800000, 0x0000000742800000|100%|HS|  |TAMS 0x0000000742700000, 0x0000000742700000| Untracked 
|  32|0x0000000742800000, 0x0000000742900000, 0x0000000742900000|100%|HC|  |TAMS 0x0000000742800000, 0x0000000742800000| Untracked 
|  33|0x0000000742900000, 0x0000000742a00000, 0x0000000742a00000|100%| O|  |TAMS 0x0000000742900000, 0x0000000742900000| Untracked 
|  34|0x0000000742a00000, 0x0000000742affff8, 0x0000000742b00000| 99%| O|  |TAMS 0x0000000742a00000, 0x0000000742a00000| Untracked 
|  35|0x0000000742b00000, 0x0000000742bffff0, 0x0000000742c00000| 99%| O|  |TAMS 0x0000000742b00000, 0x0000000742b00000| Untracked 
|  36|0x0000000742c00000, 0x0000000742cfe308, 0x0000000742d00000| 99%| O|  |TAMS 0x0000000742c00000, 0x0000000742c00000| Untracked 
|  37|0x0000000742d00000, 0x0000000742dfffe8, 0x0000000742e00000| 99%| O|  |TAMS 0x0000000742d00000, 0x0000000742d00000| Untracked 
|  38|0x0000000742e00000, 0x0000000742efffc8, 0x0000000742f00000| 99%| O|  |TAMS 0x0000000742e00000, 0x0000000742e00000| Untracked 
|  39|0x0000000742f00000, 0x0000000743000000, 0x0000000743000000|100%| O|  |TAMS 0x0000000742f00000, 0x0000000742f00000| Untracked 
|  40|0x0000000743000000, 0x00000007430fffe8, 0x0000000743100000| 99%| O|  |TAMS 0x0000000743000000, 0x0000000743000000| Untracked 
|  41|0x0000000743100000, 0x00000007431fcf00, 0x0000000743200000| 98%| O|  |TAMS 0x0000000743100000, 0x0000000743100000| Untracked 
|  42|0x0000000743200000, 0x0000000743300000, 0x0000000743300000|100%| O|  |TAMS 0x0000000743200000, 0x0000000743200000| Untracked 
|  43|0x0000000743300000, 0x00000007433fffd8, 0x0000000743400000| 99%| O|  |TAMS 0x0000000743300000, 0x0000000743300000| Untracked 
|  44|0x0000000743400000, 0x00000007434ffff8, 0x0000000743500000| 99%| O|  |TAMS 0x0000000743400000, 0x0000000743400000| Untracked 
|  45|0x0000000743500000, 0x00000007435fffc0, 0x0000000743600000| 99%| O|  |TAMS 0x0000000743500000, 0x0000000743500000| Untracked 
|  46|0x0000000743600000, 0x0000000743700000, 0x0000000743700000|100%| O|  |TAMS 0x0000000743600000, 0x0000000743600000| Untracked 
|  47|0x0000000743700000, 0x00000007437ffff8, 0x0000000743800000| 99%| O|  |TAMS 0x0000000743700000, 0x0000000743700000| Untracked 
|  48|0x0000000743800000, 0x00000007438ffeb0, 0x0000000743900000| 99%| O|  |TAMS 0x0000000743800000, 0x0000000743800000| Untracked 
|  49|0x0000000743900000, 0x0000000743a00000, 0x0000000743a00000|100%| O|  |TAMS 0x0000000743900000, 0x0000000743900000| Untracked 
|  50|0x0000000743a00000, 0x0000000743affff0, 0x0000000743b00000| 99%| O|  |TAMS 0x0000000743a00000, 0x0000000743a00000| Untracked 
|  51|0x0000000743b00000, 0x0000000743bfff48, 0x0000000743c00000| 99%| O|  |TAMS 0x0000000743b00000, 0x0000000743b00000| Untracked 
|  52|0x0000000743c00000, 0x0000000743cffe28, 0x0000000743d00000| 99%| O|  |TAMS 0x0000000743c00000, 0x0000000743c00000| Untracked 
|  53|0x0000000743d00000, 0x0000000743dfffc0, 0x0000000743e00000| 99%| O|  |TAMS 0x0000000743d00000, 0x0000000743d00000| Untracked 
|  54|0x0000000743e00000, 0x0000000743efffe0, 0x0000000743f00000| 99%| O|  |TAMS 0x0000000743e00000, 0x0000000743e00000| Untracked 
|  55|0x0000000743f00000, 0x0000000743fffe60, 0x0000000744000000| 99%| O|  |TAMS 0x0000000743f00000, 0x0000000743f00000| Untracked 
|  56|0x0000000744000000, 0x00000007440fffd8, 0x0000000744100000| 99%| O|  |TAMS 0x0000000744000000, 0x0000000744000000| Untracked 
|  57|0x0000000744100000, 0x0000000744200000, 0x0000000744200000|100%| O|  |TAMS 0x0000000744100000, 0x0000000744100000| Untracked 
|  58|0x0000000744200000, 0x0000000744300000, 0x0000000744300000|100%| O|  |TAMS 0x0000000744200000, 0x0000000744200000| Untracked 
|  59|0x0000000744300000, 0x00000007443fffe8, 0x0000000744400000| 99%| O|  |TAMS 0x0000000744300000, 0x0000000744300000| Untracked 
|  60|0x0000000744400000, 0x00000007444fffd0, 0x0000000744500000| 99%| O|  |TAMS 0x0000000744400000, 0x0000000744400000| Untracked 
|  61|0x0000000744500000, 0x00000007445ffff8, 0x0000000744600000| 99%| O|  |TAMS 0x0000000744500000, 0x0000000744500000| Untracked 
|  62|0x0000000744600000, 0x0000000744700000, 0x0000000744700000|100%| O|  |TAMS 0x0000000744600000, 0x0000000744600000| Untracked 
|  63|0x0000000744700000, 0x00000007447fe588, 0x0000000744800000| 99%| O|  |TAMS 0x0000000744700000, 0x0000000744700000| Untracked 
|  64|0x0000000744800000, 0x00000007448e9588, 0x0000000744900000| 91%| O|  |TAMS 0x0000000744800000, 0x0000000744800000| Untracked 
|  65|0x0000000744900000, 0x00000007449ffff0, 0x0000000744a00000| 99%| O|  |TAMS 0x0000000744900000, 0x0000000744900000| Untracked 
|  66|0x0000000744a00000, 0x0000000744afffe0, 0x0000000744b00000| 99%| O|  |TAMS 0x0000000744a00000, 0x0000000744a00000| Untracked 
|  67|0x0000000744b00000, 0x0000000744bfffe0, 0x0000000744c00000| 99%| O|  |TAMS 0x0000000744b00000, 0x0000000744b00000| Untracked 
|  68|0x0000000744c00000, 0x0000000744d00000, 0x0000000744d00000|100%| O|  |TAMS 0x0000000744c00000, 0x0000000744c00000| Untracked 
|  69|0x0000000744d00000, 0x0000000744dfffc0, 0x0000000744e00000| 99%| O|  |TAMS 0x0000000744d00000, 0x0000000744d00000| Untracked 
|  70|0x0000000744e00000, 0x0000000744effff8, 0x0000000744f00000| 99%| O|  |TAMS 0x0000000744e00000, 0x0000000744e00000| Untracked 
|  71|0x0000000744f00000, 0x0000000744fffff8, 0x0000000745000000| 99%| O|  |TAMS 0x0000000744f00000, 0x0000000744f00000| Untracked 
|  72|0x0000000745000000, 0x0000000745100000, 0x0000000745100000|100%| O|  |TAMS 0x0000000745000000, 0x0000000745000000| Untracked 
|  73|0x0000000745100000, 0x00000007451fffd0, 0x0000000745200000| 99%| O|  |TAMS 0x0000000745100000, 0x0000000745100000| Untracked 
|  74|0x0000000745200000, 0x00000007452fffe8, 0x0000000745300000| 99%| O|  |TAMS 0x0000000745200000, 0x0000000745200000| Untracked 
|  75|0x0000000745300000, 0x00000007453ffff8, 0x0000000745400000| 99%| O|  |TAMS 0x0000000745300000, 0x0000000745300000| Untracked 
|  76|0x0000000745400000, 0x00000007454d38c8, 0x0000000745500000| 82%| O|  |TAMS 0x0000000745400000, 0x0000000745400000| Untracked 
|  77|0x0000000745500000, 0x00000007455fffe8, 0x0000000745600000| 99%| O|  |TAMS 0x0000000745500000, 0x0000000745500000| Untracked 
|  78|0x0000000745600000, 0x00000007456fffe0, 0x0000000745700000| 99%| O|  |TAMS 0x0000000745600000, 0x0000000745600000| Untracked 
|  79|0x0000000745700000, 0x0000000745800000, 0x0000000745800000|100%| O|  |TAMS 0x0000000745700000, 0x0000000745700000| Untracked 
|  80|0x0000000745800000, 0x00000007458e3820, 0x0000000745900000| 88%| O|  |TAMS 0x0000000745800000, 0x0000000745800000| Untracked 
|  81|0x0000000745900000, 0x00000007459ffff0, 0x0000000745a00000| 99%| O|  |TAMS 0x0000000745900000, 0x0000000745900000| Untracked 
|  82|0x0000000745a00000, 0x0000000745afffd8, 0x0000000745b00000| 99%| O|  |TAMS 0x0000000745a00000, 0x0000000745a00000| Untracked 
|  83|0x0000000745b00000, 0x0000000745bffff8, 0x0000000745c00000| 99%| O|  |TAMS 0x0000000745b00000, 0x0000000745b00000| Untracked 
|  84|0x0000000745c00000, 0x0000000745cffdb0, 0x0000000745d00000| 99%| O|  |TAMS 0x0000000745c00000, 0x0000000745c00000| Untracked 
|  85|0x0000000745d00000, 0x0000000745dfffe0, 0x0000000745e00000| 99%| O|  |TAMS 0x0000000745d00000, 0x0000000745d00000| Untracked 
|  86|0x0000000745e00000, 0x0000000745effff8, 0x0000000745f00000| 99%| O|  |TAMS 0x0000000745e00000, 0x0000000745e00000| Untracked 
|  87|0x0000000745f00000, 0x0000000745fffff0, 0x0000000746000000| 99%| O|  |TAMS 0x0000000745f00000, 0x0000000745f00000| Untracked 
|  88|0x0000000746000000, 0x00000007460ffff8, 0x0000000746100000| 99%| O|  |TAMS 0x0000000746000000, 0x0000000746000000| Untracked 
|  89|0x0000000746100000, 0x0000000746200000, 0x0000000746200000|100%| O|  |TAMS 0x0000000746100000, 0x0000000746100000| Untracked 
|  90|0x0000000746200000, 0x0000000746300000, 0x0000000746300000|100%| O|  |TAMS 0x0000000746200000, 0x0000000746200000| Untracked 
|  91|0x0000000746300000, 0x0000000746400000, 0x0000000746400000|100%| O|  |TAMS 0x0000000746300000, 0x0000000746300000| Untracked 
|  92|0x0000000746400000, 0x0000000746500000, 0x0000000746500000|100%| O|  |TAMS 0x0000000746400000, 0x0000000746400000| Untracked 
|  93|0x0000000746500000, 0x00000007465ffff8, 0x0000000746600000| 99%| O|  |TAMS 0x0000000746500000, 0x0000000746500000| Untracked 
|  94|0x0000000746600000, 0x00000007466e9018, 0x0000000746700000| 91%| O|  |TAMS 0x0000000746600000, 0x0000000746600000| Untracked 
|  95|0x0000000746700000, 0x0000000746800000, 0x0000000746800000|100%|HS|  |TAMS 0x0000000746700000, 0x0000000746700000| Complete 
|  96|0x0000000746800000, 0x0000000746900000, 0x0000000746900000|100%|HS|  |TAMS 0x0000000746800000, 0x0000000746800000| Complete 
|  97|0x0000000746900000, 0x0000000746a00000, 0x0000000746a00000|100%|HS|  |TAMS 0x0000000746900000, 0x0000000746900000| Complete 
|  98|0x0000000746a00000, 0x0000000746b00000, 0x0000000746b00000|100%|HS|  |TAMS 0x0000000746a00000, 0x0000000746a00000| Complete 
|  99|0x0000000746b00000, 0x0000000746c00000, 0x0000000746c00000|100%|HS|  |TAMS 0x0000000746b00000, 0x0000000746b00000| Complete 
| 100|0x0000000746c00000, 0x0000000746d00000, 0x0000000746d00000|100%|HS|  |TAMS 0x0000000746c00000, 0x0000000746c00000| Complete 
| 101|0x0000000746d00000, 0x0000000746e00000, 0x0000000746e00000|100%|HS|  |TAMS 0x0000000746d00000, 0x0000000746d00000| Complete 
| 102|0x0000000746e00000, 0x0000000746e00000, 0x0000000746f00000|  0%| F|  |TAMS 0x0000000746e00000, 0x0000000746e00000| Untracked 
| 103|0x0000000746f00000, 0x0000000746f00000, 0x0000000747000000|  0%| F|  |TAMS 0x0000000746f00000, 0x0000000746f00000| Untracked 
| 104|0x0000000747000000, 0x0000000747000000, 0x0000000747100000|  0%| F|  |TAMS 0x0000000747000000, 0x0000000747000000| Untracked 
| 105|0x0000000747100000, 0x0000000747100000, 0x0000000747200000|  0%| F|  |TAMS 0x0000000747100000, 0x0000000747100000| Untracked 
| 106|0x0000000747200000, 0x0000000747200000, 0x0000000747300000|  0%| F|  |TAMS 0x0000000747200000, 0x0000000747200000| Untracked 
| 107|0x0000000747300000, 0x0000000747300000, 0x0000000747400000|  0%| F|  |TAMS 0x0000000747300000, 0x0000000747300000| Untracked 
| 108|0x0000000747400000, 0x0000000747400000, 0x0000000747500000|  0%| F|  |TAMS 0x0000000747400000, 0x0000000747400000| Untracked 
| 109|0x0000000747500000, 0x0000000747500000, 0x0000000747600000|  0%| F|  |TAMS 0x0000000747500000, 0x0000000747500000| Untracked 
| 110|0x0000000747600000, 0x0000000747600000, 0x0000000747700000|  0%| F|  |TAMS 0x0000000747600000, 0x0000000747600000| Untracked 
| 111|0x0000000747700000, 0x0000000747700000, 0x0000000747800000|  0%| F|  |TAMS 0x0000000747700000, 0x0000000747700000| Untracked 
| 112