#
# A fatal error has been detected by the Java Runtime Environment:
#
#  SIGSEGV (0xb) at pc=0x0000000140c85708, pid=34592, tid=84739
#
# JRE version: OpenJDK Runtime Environment Temurin-11.0.20+8 (11.0.20+8) (build 11.0.20+8)
# Java VM: OpenJDK 64-Bit Server VM Temurin-11.0.20+8 (11.0.20+8, mixed mode, tiered, compressed oops, g1 gc, bsd-aarch64)
# Problematic frame:
# C  [libcsmesh.dylib+0x11708]
[error occurred during error reporting (printing problematic frame), id 0xe0000000, Internal Error (src/hotspot/os/bsd/decoder_machO.hpp:43)]

# No core dump will be written. Core dumps have been disabled. To enable core dumping, try "ulimit -c unlimited" before starting Java again
#
# If you would like to submit a bug report, please visit:
#   https://github.com/adoptium/adoptium-support/issues
#

---------------  S U M M A R Y ------------

Command Line: -Dcs.root=/Applications/COMSOL62/multiphysics -Dcatalina.home=/Applications/COMSOL62/multiphysics/bin/tomcat --add-opens=java.base/java.lang=ALL-UNNAMED --add-opens=java.base/java.io=ALL-UNNAMED --add-opens=java.rmi/sun.rmi.transport=ALL-UNNAMED -Dorg.osgi.service.log.admin.loglevel=DEBUG -Declipse.product=com.comsol.util.product -Dosgi.bundles=org.eclipse.update.configurator@1:start,org.eclipse.equinox.common@2:start,org.apache.felix.scr@1:start,org.eclipse.equinox.event@3:start,org.eclipse.core.runtime@start -Dosgi.bundles.defaultStartLevel=4 -Dosgi.startLevel=6 -Djava.util.logging.manager=org.apache.juli.ClassLoaderLogManager -Dcs.logoutput=file -Dcs.logfileprefix=mphserver -Djava.awt.headless=true -Djava.security.manager= -Djava.security.policy=/Applications/COMSOL62/multiphysics/bin/tomcat/conf/mphserver.policy -Dcs.javasecurity=on -Xss4m -Xms40m -Xmx2g -XX:MaxMetaspaceSize=1g -Dlog4j2.formatMsgNoLookups=true com.comsol.util.application.ServerApplication -login "auto" -graphics -autosave "off" -port "0" -forcecomsolgcc on

Host: Mac14,2 arm64 1 MHz, 8 cores, 8G, Darwin 24.0.0
Time: Thu Nov 28 12:22:56 2024 PST elapsed time: 98.349790 seconds (0d 0h 1m 38s)

---------------  T H R E A D  ---------------

Current thread is native thread

Stack: [0x000000030c8a4000,0x000000030d0a3000],  sp=0x000000030d0a1490,  free space=8181k
Native frames: (J=compiled Java code, A=aot compiled Java code, j=interpreted, Vv=VM code, C=native code)
C  [libcsmesh.dylib+0x11708]
[error occurred during error reporting (printing native stack), id 0xe0000000, Internal Error (src/hotspot/os/bsd/decoder_machO.hpp:43)]


siginfo: si_signo: 11 (SIGSEGV), si_code: 2 (SEGV_ACCERR), si_addr: 0x00000000000000e3

Register to memory mapping:

 x0=
[error occurred during error reporting (printing register info), id 0xb, SIGSEGV (0xb) at pc=0x0000000105e6e8a0]

Registers:
 x0=0x00000000000000e3  x1=0x000000031b1ad8b8  x2=0x000000031b1ad8d0  x3=0x000000031b1ee0e8
 x4=0x000000031b1ee100  x5=0x000000031b7a10f0  x6=0x0000000000000600  x7=0x0000600004303180
 x8=0x00000000000000e3  x9=0x000000031b7a10f0 x10=0x0000000000002180 x11=0x0000000000001790
x12=0x0000000000000018 x13=0x000000000004d3dc x14=0x00000000000472b4 x15=0x00000000000007fb
x16=0x0000000104ae2360 x17=0x00000001f0d78c28 x18=0x0000000000000000 x19=0x00006000080e9a00
x20=0x0000000000043e0a x21=0x000000000000465e x22=0x000000000000465d x23=0x0000000000007160
x24=0x000000000000715f x25=0x000133e70001613e x26=0x00000001418456a8 x27=0x0000000000000000
x28=0x000000014184568d  fp=0x000000030d0a1640  lr=0x0000000140ca1fa8  sp=0x000000030d0a1490
pc=0x0000000140c85708 cpsr=0x0000000020001000
Top of Stack: (sp=0x000000030d0a1490)
0x000000030d0a1490:   4025c92dc576463d 4025c7a554aba7f1
0x000000030d0a14a0:   bfe45477715ecca2 bfddac946e596353
0x000000030d0a14b0:   3f7a70b62932a862 3f87cb958307b54e
0x000000030d0a14c0:   bfe45477715eccaf bfddc05b7b012331
0x000000030d0a14d0:   3f6f7ad7036df72a 3f857515fa39cc3a
0x000000030d0a14e0:   bfe4550b30b6b613 bfdda3ebfc07bebf
0x000000030d0a14f0:   00000000000000e3 3f890367a74728a7
0x000000030d0a1500:   bfe46d0414ec8733 bfddc05b7b012333
0x000000030d0a1510:   3f11464128cee140 3f816b7e4e6ce03e
0x000000030d0a1520:   bfe46d0414ec877e bfde81c7dd4a6b70
0x000000030d0a1530:   3f753497cabfef80 3f82e8190956e4fb
0x000000030d0a1540:   bfe479dc406a5d84 bfde8ba97e7dff69
0x000000030d0a1550:   40266024014c85cf 40265e9b3668152f
0x000000030d0a1560:   bfe46d0414ec8726 bfdd9029920eb08e
0x000000030d0a1570:   3f7a5859a759ed46 3f85efa6681b457a
0x000000030d0a1580:   bfe46d0414ec8740 bfddc05b7b012338
0x000000030d0a1590:   bf789374bc6a7ce7 bf789374bc6a7ec4
0x000000030d0a15a0:   bf789374bc6a81dc bf789374bc6a7c55
0x000000030d0a15b0:   3f8a97ceb14ffbc0 3f8a97ceb14ffc40
0x000000030d0a15c0:   bf6547bc9e31d380 bf6547bc9e31d180
0x000000030d0a15d0:   3f720821b552c380 3f57073fb9d52e00
0x000000030d0a15e0:   3f720821b552bf00 3f57073fb9d51400
0x000000030d0a15f0:   3df9b8369ef9ff5c 000000031b7a10f0
0x000000030d0a1600:   000000031b1ee100 000000031b1ee0e8
0x000000030d0a1610:   000000031b1ad8d0 000000031b1ad8b8
0x000000030d0a1620:   00000000000000e3 0000000140ca20d0
0x000000030d0a1630:   000000014184568d 0000000000000000
0x000000030d0a1640:   000000030d0a1920 0000000140ca1fa8
0x000000030d0a1650:   4025a61b05ef7ecf 4025a492303de534
0x000000030d0a1660:   3ee7fb84e565c689 3f0df84c754bca98
0x000000030d0a1670:   3ecea0c3478c7eea 3ef32322b9f5e9ea
0x000000030d0a1680:   3ef32322b9f5e98e 3ee7fb84e565c448 

Instructions: (pc=0x0000000140c85708)
0x0000000140c85608:   a0 03 1a fc a9 83 5c f8 20 01 40 fd a9 83 5b f8
0x0000000140c85618:   21 01 40 fd 00 38 61 1e a0 83 19 fc a9 03 5c f8
0x0000000140c85628:   20 01 40 fd a9 83 5b f8 21 01 40 fd 00 38 61 1e
0x0000000140c85638:   a0 03 19 fc a9 83 5d f8 20 05 40 fd a9 83 5b f8
0x0000000140c85648:   21 05 40 fd 00 38 61 1e a0 83 18 fc a9 03 5d f8
0x0000000140c85658:   20 05 40 fd a9 83 5b f8 21 05 40 fd 00 38 61 1e
0x0000000140c85668:   a0 03 18 fc a9 83 5c f8 20 05 40 fd a9 83 5b f8
0x0000000140c85678:   21 05 40 fd 00 38 61 1e a0 83 17 fc a9 03 5c f8
0x0000000140c85688:   20 05 40 fd a9 83 5b f8 21 05 40 fd 00 38 61 1e
0x0000000140c85698:   a0 03 17 fc a9 83 5d f8 20 09 40 fd a9 83 5b f8
0x0000000140c856a8:   21 09 40 fd 00 38 61 1e a0 83 16 fc a9 03 5d f8
0x0000000140c856b8:   20 09 40 fd a9 83 5b f8 21 09 40 fd 00 38 61 1e
0x0000000140c856c8:   a0 03 16 fc a9 83 5c f8 20 09 40 fd a9 83 5b f8
0x0000000140c856d8:   21 09 40 fd 00 38 61 1e a0 83 15 fc a9 03 5c f8
0x0000000140c856e8:   20 09 40 fd a9 83 5b f8 21 09 40 fd 00 38 61 1e
0x0000000140c856f8:   a0 03 15 fc a0 83 5a fc a1 03 58 fc 00 08 61 1e
0x0000000140c85708:   00 01 00 fd a9 5f 00 f0 e9 0f 00 f9 20 99 40 fd
0x0000000140c85718:   a1 83 5a fc 00 08 61 1e e0 67 00 fd e0 67 40 fd
0x0000000140c85728:   a1 83 5a fc 00 38 61 1e e0 63 00 fd e0 67 40 fd
0x0000000140c85738:   e1 63 40 fd 00 38 61 1e e0 5f 00 fd a0 83 5a fc
0x0000000140c85748:   e1 5f 40 fd 00 38 61 1e e0 5b 00 fd 20 99 40 fd
0x0000000140c85758:   a1 03 58 fc 00 08 61 1e e0 67 00 fd e0 67 40 fd
0x0000000140c85768:   a1 03 58 fc 00 38 61 1e e0 63 00 fd e0 67 40 fd
0x0000000140c85778:   e1 63 40 fd 00 38 61 1e e0 57 00 fd a0 03 58 fc
0x0000000140c85788:   e1 57 40 fd 00 38 61 1e e0 53 00 fd 00 01 40 fd
0x0000000140c85798:   e1 5f 40 fd e2 57 40 fd 21 08 62 1e 00 38 61 1e
0x0000000140c857a8:   e0 4f 00 fd e0 4f 40 fd e1 5b 40 fd e2 57 40 fd
0x0000000140c857b8:   21 08 62 1e 00 38 61 1e e0 4b 00 fd e0 4b 40 fd
0x0000000140c857c8:   e1 5f 40 fd e2 53 40 fd 21 08 62 1e 00 38 61 1e
0x0000000140c857d8:   e0 47 00 fd e0 5b 40 fd e1 53 40 fd 00 08 61 1e
0x0000000140c857e8:   e1 47 40 fd 00 38 61 1e 00 31 00 fd a0 03 5a fc
0x0000000140c857f8:   a1 83 58 fc 00 08 61 1e 00 05 00 fd 20 99 40 fd 


Stack slot to memory mapping:
stack at sp + 0 slots: 
[error occurred during error reporting (inspecting top of stack), id 0xb, SIGSEGV (0xb) at pc=0x0000000105e6e8a0]


---------------  P R O C E S S  ---------------

VM state:at safepoint (shutting down)

VM Mutex/Monitor currently owned by a thread:  ([mutex/lock_event])
[0x0000600002ce9a00] Threads_lock - owner thread: 0x000000014487f800

Heap address: 0x0000000740800000, size: 2048 MB, Compressed Oops mode: Zero based, Oop shift amount: 3
Narrow klass base: 0x0000000800000000, Narrow klass shift: 0
Compressed class space size: 1065353216 Address: 0x0000000800000000

Heap:
 garbage-first heap   total 315392K, used 160866K [0x0000000740800000, 0x00000007c0800000)
  region size 1024K, 35 young (35840K), 6 survivors (6144K)
 Metaspace       used 117251K, capacity 122988K, committed 123120K, reserved 1148928K
  class space    used 14091K, capacity 16159K, committed 16256K, reserved 1040384K
Heap Regions: E=young(eden), S=young(survivor), O=old, HS=humongous(starts), HC=humongous(continues), CS=collection set, F=free, A=archive, TAMS=top-at-mark-start (previous, next)
|   0|0x0000000740800000, 0x0000000740900000, 0x0000000740900000|100%| O|  |TAMS 0x0000000740900000, 0x0000000740800000| Untracked 
|   1|0x0000000740900000, 0x0000000740a00000, 0x0000000740a00000|100%| O|  |TAMS 0x0000000740a00000, 0x0000000740900000| Untracked 
|   2|0x0000000740a00000, 0x0000000740b00000, 0x0000000740b00000|100%| O|  |TAMS 0x0000000740b00000, 0x0000000740a00000| Untracked 
|   3|0x0000000740b00000, 0x0000000740c00000, 0x0000000740c00000|100%| O|  |TAMS 0x0000000740c00000, 0x0000000740b00000| Untracked 
|   4|0x0000000740c00000, 0x0000000740d00000, 0x0000000740d00000|100%| O|  |TAMS 0x0000000740d00000, 0x0000000740c00000| Untracked 
|   5|0x0000000740d00000, 0x0000000740e00000, 0x0000000740e00000|100%| O|  |TAMS 0x0000000740e00000, 0x0000000740d00000| Untracked 
|   6|0x0000000740e00000, 0x0000000740f00000, 0x0000000740f00000|100%| O|  |TAMS 0x0000000740f00000, 0x0000000740e00000| Untracked 
|   7|0x0000000740f00000, 0x0000000741000000, 0x0000000741000000|100%| O|  |TAMS 0x0000000741000000, 0x0000000740f00000| Untracked 
|   8|0x0000000741000000, 0x0000000741100000, 0x0000000741100000|100%| O|  |TAMS 0x0000000741100000, 0x0000000741000000| Untracked 
|   9|0x0000000741100000, 0x0000000741200000, 0x0000000741200000|100%| O|  |TAMS 0x0000000741200000, 0x0000000741100000| Untracked 
|  10|0x0000000741200000, 0x0000000741300000, 0x0000000741300000|100%| O|  |TAMS 0x0000000741300000, 0x0000000741200000| Untracked 
|  11|0x0000000741300000, 0x0000000741400000, 0x0000000741400000|100%| O|  |TAMS 0x0000000741400000, 0x0000000741300000| Untracked 
|  12|0x0000000741400000, 0x0000000741500000, 0x0000000741500000|100%| O|  |TAMS 0x0000000741500000, 0x0000000741400000| Untracked 
|  13|0x0000000741500000, 0x0000000741600000, 0x0000000741600000|100%| O|  |TAMS 0x0000000741600000, 0x0000000741500000| Untracked 
|  14|0x0000000741600000, 0x0000000741700000, 0x0000000741700000|100%| O|  |TAMS 0x0000000741700000, 0x0000000741600000| Untracked 
|  15|0x0000000741700000, 0x0000000741800000, 0x0000000741800000|100%| O|  |TAMS 0x0000000741800000, 0x0000000741700000| Untracked 
|  16|0x0000000741800000, 0x0000000741900000, 0x0000000741900000|100%| O|  |TAMS 0x0000000741900000, 0x0000000741800000| Untracked 
|  17|0x0000000741900000, 0x0000000741a00000, 0x0000000741a00000|100%| O|  |TAMS 0x0000000741a00000, 0x0000000741900000| Untracked 
|  18|0x0000000741a00000, 0x0000000741b00000, 0x0000000741b00000|100%| O|  |TAMS 0x0000000741b00000, 0x0000000741a00000| Untracked 
|  19|0x0000000741b00000, 0x0000000741c00000, 0x0000000741c00000|100%| O|  |TAMS 0x0000000741c00000, 0x0000000741b00000| Untracked 
|  20|0x0000000741c00000, 0x0000000741d00000, 0x0000000741d00000|100%|HS|  |TAMS 0x0000000741c00000, 0x0000000741c00000| Complete 
|  21|0x0000000741d00000, 0x0000000741e00000, 0x0000000741e00000|100%| O|  |TAMS 0x0000000741e00000, 0x0000000741d00000| Untracked 
|  22|0x0000000741e00000, 0x0000000741f00000, 0x0000000741f00000|100%| O|  |TAMS 0x0000000741f00000, 0x0000000741e00000| Untracked 
|  23|0x0000000741f00000, 0x0000000742000000, 0x0000000742000000|100%| O|  |TAMS 0x0000000742000000, 0x0000000741f00000| Untracked 
|  24|0x0000000742000000, 0x0000000742100000, 0x0000000742100000|100%| O|  |TAMS 0x0000000742100000, 0x0000000742000000| Untracked 
|  25|0x0000000742100000, 0x0000000742200000, 0x0000000742200000|100%|HS|  |TAMS 0x0000000742200000, 0x0000000742100000| Complete 
|  26|0x0000000742200000, 0x0000000742300000, 0x0000000742300000|100%|HS|  |TAMS 0x0000000742300000, 0x0000000742200000| Complete 
|  27|0x0000000742300000, 0x0000000742400000, 0x0000000742400000|100%| O|  |TAMS 0x0000000742400000, 0x0000000742300000| Untracked 
|  28|0x0000000742400000, 0x0000000742500000, 0x0000000742500000|100%| O|  |TAMS 0x0000000742500000, 0x0000000742400000| Untracked 
|  29|0x0000000742500000, 0x0000000742600000, 0x0000000742600000|100%| O|  |TAMS 0x0000000742600000, 0x0000000742500000| Untracked 
|  30|0x0000000742600000, 0x0000000742700000, 0x0000000742700000|100%| O|  |TAMS 0x0000000742700000, 0x0000000742600000| Untracked 
|  31|0x0000000742700000, 0x0000000742800000, 0x0000000742800000|100%|HS|  |TAMS 0x0000000742700000, 0x0000000742700000| Complete 
|  32|0x0000000742800000, 0x0000000742900000, 0x0000000742900000|100%| O|  |TAMS 0x0000000742900000, 0x0000000742800000| Untracked 
|  33|0x0000000742900000, 0x0000000742a00000, 0x0000000742a00000|100%| O|  |TAMS 0x0000000742a00000, 0x0000000742900000| Untracked 
|  34|0x0000000742a00000, 0x0000000742b00000, 0x0000000742b00000|100%| O|  |TAMS 0x0000000742b00000, 0x0000000742a00000| Untracked 
|  35|0x0000000742b00000, 0x0000000742c00000, 0x0000000742c00000|100%| O|  |TAMS 0x0000000742c00000, 0x0000000742b00000| Untracked 
|  36|0x0000000742c00000, 0x0000000742d00000, 0x0000000742d00000|100%| O|  |TAMS 0x0000000742d00000, 0x0000000742c00000| Untracked 
|  37|0x0000000742d00000, 0x0000000742e00000, 0x0000000742e00000|100%| O|  |TAMS 0x0000000742e00000, 0x0000000742d00000| Untracked 
|  38|0x0000000742e00000, 0x0000000742f00000, 0x0000000742f00000|100%| O|  |TAMS 0x0000000742f00000, 0x0000000742e00000| Untracked 
|  39|0x0000000742f00000, 0x0000000743000000, 0x0000000743000000|100%| O|  |TAMS 0x0000000743000000, 0x0000000742f00000| Untracked 
|  40|0x0000000743000000, 0x0000000743100000, 0x0000000743100000|100%| O|  |TAMS 0x0000000743100000, 0x0000000743000000| Untracked 
|  41|0x0000000743100000, 0x0000000743200000, 0x0000000743200000|100%| O|  |TAMS 0x0000000743200000, 0x0000000743100000| Untracked 
|  42|0x0000000743200000, 0x0000000743300000, 0x0000000743300000|100%| O|  |TAMS 0x0000000743300000, 0x0000000743200000| Untracked 
|  43|0x0000000743300000, 0x0000000743400000, 0x0000000743400000|100%| O|  |TAMS 0x0000000743400000, 0x0000000743300000| Untracked 
|  44|0x0000000743400000, 0x0000000743500000, 0x0000000743500000|100%| O|  |TAMS 0x0000000743500000, 0x0000000743400000| Untracked 
|  45|0x0000000743500000, 0x0000000743600000, 0x0000000743600000|100%| O|  |TAMS 0x0000000743600000, 0x0000000743500000| Untracked 
|  46|0x0000000743600000, 0x0000000743700000, 0x0000000743700000|100%| O|  |TAMS 0x0000000743700000, 0x0000000743600000| Untracked 
|  47|0x0000000743700000, 0x0000000743800000, 0x0000000743800000|100%| O|  |TAMS 0x0000000743800000, 0x0000000743700000| Untracked 
|  48|0x0000000743800000, 0x0000000743900000, 0x0000000743900000|100%| O|  |TAMS 0x0000000743900000, 0x0000000743800000| Untracked 
|  49|0x0000000743900000, 0x0000000743a00000, 0x0000000743a00000|100%| O|  |TAMS 0x0000000743a00000, 0x0000000743900000| Untracked 
|  50|0x0000000743a00000, 0x0000000743b00000, 0x0000000743b00000|100%| O|  |TAMS 0x0000000743b00000, 0x0000000743a00000| Untracked 
|  51|0x0000000743b00000, 0x0000000743c00000, 0x0000000743c00000|100%| O|  |TAMS 0x0000000743c00000, 0x0000000743b00000| Untracked 
|  52|0x0000000743c00000, 0x0000000743d00000, 0x0000000743d00000|100%| O|  |TAMS 0x0000000743d00000, 0x0000000743c00000| Untracked 
|  53|0x0000000743d00000, 0x0000000743e00000, 0x0000000743e00000|100%| O|  |TAMS 0x0000000743e00000, 0x0000000743d00000| Untracked 
|  54|0x0000000743e00000, 0x0000000743f00000, 0x0000000743f00000|100%| O|  |TAMS 0x0000000743f00000, 0x0000000743e00000| Untracked 
|  55|0x0000000743f00000, 0x0000000744000000, 0x0000000744000000|100%| O|  |TAMS 0x0000000744000000, 0x0000000743f00000| Untracked 
|  56|0x0000000744000000, 0x0000000744100000, 0x0000000744100000|100%| O|  |TAMS 0x0000000744100000, 0x0000000744000000| Untracked 
|  57|0x0000000744100000, 0x0000000744200000, 0x0000000744200000|100%| O|  |TAMS 0x0000000744200000, 0x0000000744100000| Untracked 
|  58|0x0000000744200000, 0x0000000744300000, 0x0000000744300000|100%| O|  |TAMS 0x0000000744300000, 0x0000000744200000| Untracked 
|  59|0x0000000744300000, 0x0000000744400000, 0x0000000744400000|100%| O|  |TAMS 0x0000000744400000, 0x0000000744300000| Untracked 
|  60|0x0000000744400000, 0x0000000744500000, 0x0000000744500000|100%| O|  |TAMS 0x0000000744500000, 0x0000000744400000| Untracked 
|  61|0x0000000744500000, 0x0000000744600000, 0x0000000744600000|100%| O|  |TAMS 0x0000000744600000, 0x0000000744500000| Untracked 
|  62|0x0000000744600000, 0x0000000744700000, 0x0000000744700000|100%|HS|  |TAMS 0x0000000744700000, 0x0000000744600000| Complete 
|  63|0x0000000744700000, 0x0000000744800000, 0x0000000744800000|100%|HS|  |TAMS 0x0000000744800000, 0x0000000744700000| Complete 
|  64|0x0000000744800000, 0x0000000744900000, 0x0000000744900000|100%|HC|  |TAMS 0x0000000744900000, 0x0000000744800000| Complete 
|  65|0x0000000744900000, 0x0000000744a00000, 0x0000000744a00000|100%| O|  |TAMS 0x0000000744a00000, 0x0000000744900000| Untracked 
|  66|0x0000000744a00000, 0x0000000744b00000, 0x0000000744b00000|100%| O|  |TAMS 0x0000000744b00000, 0x0000000744a00000| Untracked 
|  67|0x0000000744b00000, 0x0000000744c00000, 0x0000000744c00000|100%| O|  |TAMS 0x0000000744c00000, 0x0000000744b00000| Untracked 
|  68|0x0000000744c00000, 0x0000000744d00000, 0x0000000744d00000|100%| O|  |TAMS 0x0000000744d00000, 0x0000000744c00000| Untracked 
|  69|0x0000000744d00000, 0x0000000744e00000, 0x0000000744e00000|100%| O|  |TAMS 0x0000000744e00000, 0x0000000744d00000| Untracked 
|  70|0x0000000744e00000, 0x0000000744f00000, 0x0000000744f00000|100%| O|  |TAMS 0x0000000744f00000, 0x0000000744e00000| Untracked 
|  71|0x0000000744f00000, 0x0000000745000000, 0x0000000745000000|100%| O|  |TAMS 0x0000000745000000, 0x0000000744f00000| Untracked 
|  72|0x0000000745000000, 0x0000000745100000, 0x0000000745100000|100%| O|  |TAMS 0x0000000745100000, 0x0000000745000000| Untracked 
|  73|0x0000000745100000, 0x0000000745200000, 0x0000000745200000|100%| O|  |TAMS 0x0000000745200000, 0x0000000745100000| Untracked 
|  74|0x0000000745200000, 0x0000000745300000, 0x0000000745300000|100%| O|  |TAMS 0x0000000745300000, 0x0000000745200000| Untracked 
|  75|0x0000000745300000, 0x0000000745400000, 0x0000000745400000|100%| O|  |TAMS 0x0000000745400000, 0x0000000745300000| Untracked 
|  76|0x0000000745400000, 0x0000000745500000, 0x0000000745500000|100%| O|  |TAMS 0x0000000745500000, 0x0000000745400000| Untracked 
|  77|0x0000000745500000, 0x0000000745600000, 0x0000000745600000|100%| O|  |TAMS 0x0000000745600000, 0x0000000745500000| Untracked 
|  78|0x0000000745600000, 0x0000000745700000, 0x0000000745700000|100%| O|  |TAMS 0x0000000745700000, 0x0000000745600000| Untracked 
|  79|0x0000000745700000, 0x0000000745800000, 0x0000000745800000|100%| O|  |TAMS 0x0000000745800000, 0x0000000745700000| Untracked 
|  80|0x0000000745800000, 0x0000000745900000, 0x0000000745900000|100%| O|  |TAMS 0x0000000745900000, 0x0000000745800000| Untracked 
|  81|0x0000000745900000, 0x0000000745a00000, 0x0000000745a00000|100%| O|  |TAMS 0x0000000745a00000, 0x0000000745900000| Untracked 
|  82|0x0000000745a00000, 0x0000000745b00000, 0x0000000745b00000|100%| O|  |TAMS 0x0000000745b00000, 0x0000000745a00000| Untracked 
|  83|0x0000000745b00000, 0x0000000745c00000, 0x0000000745c00000|100%| O|  |TAMS 0x0000000745c00000, 0x0000000745b00000| Untracked 
|  84|0x0000000745c00000, 0x0000000745d00000, 0x0000000745d00000|100%| O|  |TAMS 0x0000000745d00000, 0x0000000745c00000| Untracked 
|  85|0x0000000745d00000, 0x0000000745e00000, 0x0000000745e00000|100%| O|  |TAMS 0x0000000745e00000, 0x0000000745d00000| Untracked 
|  86|0x0000000745e00000, 0x0000000745f00000, 0x0000000745f00000|100%| O|  |TAMS 0x0000000745f00000, 0x0000000745e00000| Untracked 
|  87|0x0000000745f00000, 0x0000000746000000, 0x0000000746000000|100%| O|  |TAMS 0x0000000746000000, 0x0000000745f00000| Untracked 
|  88|0x0000000746000000, 0x0000000746100000, 0x0000000746100000|100%| O|  |TAMS 0x0000000746100000, 0x0000000746000000| Untracked 
|  89|0x0000000746100000, 0x0000000746200000, 0x0000000746200000|100%| O|  |TAMS 0x0000000746200000, 0x0000000746100000| Untracked 
|  90|0x0000000746200000, 0x0000000746300000, 0x0000000746300000|100%| O|  |TAMS 0x0000000746300000, 0x0000000746200000| Untracked 
|  91|0x0000000746300000, 0x0000000746400000, 0x0000000746400000|100%| O|  |TAMS 0x0000000746400000, 0x0000000746300000| Untracked 
|  92|0x0000000746400000, 0x0000000746500000, 0x0000000746500000|100%| O|  |TAMS 0x0000000746500000, 0x0000000746400000| Untracked 
|  93|0x0000000746500000, 0x0000000746600000, 0x0000000746600000|100%| O|  |TAMS 0x0000000746600000, 0x0000000746500000| Untracked 
|  94|0x0000000746600000, 0x0000000746700000, 0x0000000746700000|100%| O|  |TAMS 0x0000000746700000, 0x0000000746600000| Untracked 
|  95|0x0000000746700000, 0x0000000746800000, 0x0000000746800000|100%| O|  |TAMS 0x0000000746800000, 0x0000000746700000| Untracked 
|  96|0x0000000746800000, 0x0000000746900000, 0x0000000746900000|100%| O|  |TAMS 0x0000000746900000, 0x0000000746800000| Untracked 
|  97|0x0000000746900000, 0x0000000746a00000, 0x0000000746a00000|100%|HS|  |TAMS 0x0000000746900000, 0x0000000746900000| Complete 
|  98|0x0000000746a00000, 0x0000000746b00000, 0x0000000746b00000|100%|HS|  |TAMS 0x0000000746a00000, 0x0000000746a00000| Complete 
|  99|0x0000000746b00000, 0x0000000746c00000, 0x0000000746c00000|100%|HS|  |TAMS 0x0000000746b00000, 0x0000000746b00000| Complete 
| 100|0x0000000746c00000, 0x0000000746d00000, 0x0000000746d00000|100%|HS|  |TAMS 0x0000000746c00000, 0x0000000746c00000| Complete 
| 101|0x0000000746d00000, 0x0000000746e00000, 0x0000000746e00000|100%|HS|  |TAMS 0x0000000746d00000, 0x0000000746d00000| Complete 
| 102|0x0000000746e00000, 0x0000000746f00000, 0x0000000746f00000|100%|HS|  |TAMS 0x0000000746e00000, 0x0000000746e00000| Complete 
| 103|0x0000000746f00000, 0x0000000747000000, 0x0000000747000000|100%|HS|  |TAMS 0x0000000746f00000, 0x0000000746f00000| Complete 
| 104|0x0000000747000000, 0x0000000747100000, 0x0000000747100000|100%|HS|  |TAMS 0x0000000747000000, 0x0000000747000000| Complete 
| 105|0x0000000747100000, 0x0000000747200000, 0x0000000747200000|100%|HS|  |TAMS 0x0000000747100000, 0x0000000747100000| Complete 
| 106|0x0000000747200000, 0x0000000747300000, 0x0000000747300000|100%|HS|  |TAMS 0x0000000747200000, 0x0000000747200000| Complete 
| 107|0x0000000747300000, 0x0000000747400000, 0x0000000747400000|100%|HS|  |TAMS 0x0000000747300000, 0x0000000747300000| Complete 
| 108|0x0000000747400000, 0x0000000747500000, 0x0000000747500000|100%|HS|  |TAMS 0x0000000747400000, 0x0000000747400000| Complete 
| 109|0x0000000747500000, 0x0000000747600000, 0x0000000747600000|100%| O|  |TAMS 0x0000000747600000, 0x0000000747500000| Untracked 
| 110|0x0000000747600000, 0x0000000747700000, 0x0000000747700000|100%| O|  |TAMS 0x0000000747700000, 0x0000000747600000| Untracked 
| 111|0x0000000747700000, 0x0000000747800000, 0x0000000747800000|100%|HS|  |TAMS 0x0000000747700000, 0x0000000747700000| Complete 
| 112|0x0000000747800000, 0x0000000747900000, 0x0000000747900000|100%|HS|  |TAMS 0x0000000747800000, 0x0000000747800000| Complete 
| 113|0x0000000747900000, 0x0000000747a00000, 0x0000000747a00000|100%|HS|  |TAMS 0x0000000747900000, 0x0000000747900000| Complete 
| 114|0x0000000747a00000, 0x0000000747b00000, 0x0000000747b00000|100%|HS|  |TAMS 0x0000000747a00000, 0x0000000747a00000| Complete 
| 115|0x0000000747b00000, 0x0000000747c00000, 0x0000000747c00000|100%|HS|  |TAMS 0x0000000747b00000, 0x0000000747b00000| Complete 
| 116|0x0000000747c00000, 0x0000000747d00000, 0x0000000747d00000|100%|HS|  |TAMS 0x0000000747c00000, 0x0000000747c00000| Complete 
| 117|0x0000000747d00000, 0x0000000747e00000, 0x0000000747e00000|100%|HS|  |TAMS 0x0000000747d00000, 0x0000000747d00000| Complete 
| 118|0x0000000747e00000, 0x0000000747e00000, 0x0000000747f00000|  0%| F|  |TAMS 0x0000000747e00000, 0x0000000747e00000| Untracked 
| 119|0x0000000747f00000, 0x0000000747f00000, 0x0000000748000000|  0%| F|  |TAMS 0x0000000747f00000, 0x0000000747f00000| Untracked 
| 120|0x0000000748000000, 0x0000000748000000, 0x0000000748100000|  0%| F|  |TAMS 0x0000000748000000, 0x0000000748000000| Untracked 
| 121|0x0000000748100000, 0x0000000748100000, 0x0000000748200000|  0%| F|  |TAMS 0x0000000748100000, 0x0000000748100000| Untracked 
| 122|0x0000000748200000, 0x0000000748200000, 0x0000000748300000|  0%| F|  |TAMS 0x0000000748200000, 0x0000000748200000| Untracked 
| 123|0x0000000748300000, 0x0000000748300000, 0x0000000748400000|  0%| F|  |TAMS 0x0000000748300000, 0x0000000748300000| Untracked 
| 124|0x0000000748400000, 0x0000000748400000, 0x0000000748500000|  0%| F|  |TAMS 0x0000000748400000, 0x0000000748400000| Untracked 
| 125|0x0000000748500000, 0x0000000748500000, 0x0000000748600000|  0%| F|  |TAMS 0x0000000748500000, 0x0000000748500000| Untracked 
| 126|0x0000000748600000, 0x0000000748600000, 0x0000000748700000|  0%| F|  |TAMS 0x0000000748600000, 0x0000000748600000| Untracked 
| 127|0x0000000748700000, 0x0000000748700000, 0x0000000748800000|  0%| F|  |TAMS 0x0000000748700000, 0x0000000748700000| Untracked 
| 128|0x0000000748800000, 0x0000000748800000, 0x0000000748900000|  0%| F|  |TAMS 0x0000000748800000, 0x0000000748800000| Untracked 
| 129|0x0000000748900000, 0x0000000748a00000, 0x0000000748a00000|100%| O|  |TAMS 0x0000000748a00000, 0x0000000748900000| Untracked 
| 130|0x0000000748a00000, 0x0000000748a00000, 0x0000000748b00000|  0%| F|  |TAMS 0x0000000748a00000, 0x0000000748a00000| Untracked 
| 131|0x0000000748b00000, 0x0000000748b00000, 0x0000000748c00000|  0%| F|  |TAMS 0x0000000748b00000, 0x0000000748b00000| Untracked 
| 132|0x0000000748c00000, 0x0000000748c00000, 0x0000000748d00000|  0%| F|  |TAMS 0x0000000748c00000, 0x0000000748c00000| Untracked 
| 133|0x0000000748d00000, 0x0000000748d00000, 0x0000000748e00000|  0%| F|  |TAMS 0x0000000748d00000, 0x0000000748d00000| Untracked 
| 134|0x0000000748e00000, 0x0000000748e00000, 0x0000000748f00000|  0%| F|  |TAMS 0x0000000748e00000, 0x0000000748e00000| Untracked 
| 135|0x0000000748f00000, 0x0000000748f00000, 0x0000000749000000|  0%| F|  |TAMS 0x0000000748f00000, 0x0000000748f00000| Untracked 
| 136|0x0000000749000000, 0x0000000749000000, 0x0000000749100000|  0%| F|  |TAMS 0x0000000749000000, 0x0000000749000000| Untracked 
| 137|0x0000000749100000, 0x0000000749100000, 0x0000000749200000|  0%| F|  |TAMS 0x0000000749100000, 0x0000000749100000| Untracked 
| 138|0x0000000749200000, 0x0000000749200000, 0x0000000749300000|  0%| F|  |TAMS 0x0000000749200000, 0x0000000749200000| Untracked 
| 139|0x0000000749300000, 0x0000000749300000, 0x0000000749400000|  0%| F|  |TAMS 0x0000000749300000, 0x0000000749300000| Untracked 
| 140|0x0000000749400000, 0x0000000749400000, 0x0000000749500000|  0%| F|  |TAMS 0x0000000749400000, 0x0000000749400000| Untracked 
| 141|0x0000000749500000, 0x0000000749500000, 0x0000000749600000|  0%| F|  |TAMS 0x0000000749500000, 0x0000000749500000| Untracked 
| 142|0x0000000749600000, 0x0000000749600000, 0x0000000749700000|  0%| F|  |TAMS 0x0000000749600000, 0x0000000749600000| Untracked 
| 143|0x0000000749700000, 0x0000000749700000, 0x0000000749800000|  0%| F|  |TAMS 0x0000000749700000, 0x0000000749700000| Untracked 
| 144|0x0000000749800000, 0x0000000749800000, 0x0000000749900000|  0%| F|  |TAMS 0x0000000749800000, 0x0000000749800000| Untracked 
| 145|0x0000000749900000, 0x0000000749900000, 0x0000000749a00000|  0%| F|  |TAMS 0x0000000749900000, 0x0000000749900000| Untracked 
| 146|0x0000000749a00000, 0x0000000749a00000, 0x0000000749b00000|  0%| F|  |TAMS 0x0000000749a00000, 0x0000000749a00000| Untracked 
| 147|0x0000000749b00000, 0x0000000749b00000, 0x0000000749c00000|  0%| F|  |TAMS 0x0000000749b00000, 0x0000000749b00000| Untracked 
| 148|0x0000000749c00000, 0x0000000749c00000, 0x0000000749d00000|  0%| F|  |TAMS 0x0000000749c00000, 0x0000000749c00000| Untracked 
| 149|0x0000000749d00000, 0x0000000749d00000, 0x0000000749e00000|  0%| F|  |TAMS 0x0000000749d00000, 0x0000000749d00000| Untracked 
| 150|0x0000000749e00000, 0x0000000749e00000, 0x0000000749f00000|  0%| F|  |TAMS 0x0000000749e00000, 0x0000000749e00000| Untracked 
| 151|0x0000000749f00000, 0x0000000749f00000, 0x000000074a000000|  0%| F|  |TAMS 0x0000000749f00000, 0x0000000749f00000| Untracked 
| 152|0x000000074a000000, 0x000000074a000000, 0x000000074a100000|  0%| F|  |TAMS 0x000000074a000000, 0x000000074a000000| Untracked 
| 153|0x000000074a100000, 0x000000074a100000, 0x000000074a200000|  0%| F|  |TAMS 0x000000074a100000, 0x000000074a100000| Untracked 
| 154|0x000000074a200000, 0x000000074a23d800, 0x000000074a300000| 24%| O|  |TAMS 0x000000074a23d800, 0x000000074a200000| Untracked 
| 155|0x000000074a300000, 0x000000074a300000, 0x000000074a400000|  0%| F|  |TAMS 0x000000074a300000, 0x000000074a300000| Untracked 
| 156|0x000000074a400000, 0x000000074a400000, 0x000000074a500000|  0%| F|  |TAMS 0x000000074a400000, 0x000000074a400000| Untracked 
| 157|0x000000074a500000, 0x000000074a500000, 0x000000074a600000|  0%| F|  |TAMS 0x000000074a500000, 0x000000074a500000| Untracked 
| 158|0x000000074a600000, 0x000000074a600000, 0x000000074a700000|  0%| F|  |TAMS 0x000000074a600000, 0x000000074a600000| Untracked 
| 159|0x000000074a700000, 0x000000074a700000, 0x000000074a800000|  0%| F|  |TAMS 0x000000074a700000, 0x000000074a700000| Untracked 
| 160|0x000000074a800000, 0x000000074a800000, 0x000000074a900000|  0%| F|  |TAMS 0x000000074a800000, 0x000000074a800000| Untracked 
| 161|0x000000074a900000, 0x000000074a900000, 0x000000074aa00000|  0%| F|  |TAMS 0x000000074a900000, 0x000000074a900000| Untracked 
| 162|0x000000074aa00000, 0x000000074ab00000, 0x000000074ab00000|100%| O|  |TAMS 0x000000074ab00000, 0x000000074aa00000| Untracked 
| 163|0x000000074ab00000, 0x000000074ac00000, 0x000000074ac00000|100%| O|  |TAMS 0x000000074ac00000, 0x000000074ab00000| Untracked 
| 164|0x000000074ac00000, 0x000000074ac00000, 0x000000074ad00000|  0%| F|  |TAMS 0x000000074ac00000, 0x000000074ac00000| Untracked 
| 165|0x000000074ad00000, 0x000000074ad00000, 0x000000074ae00000|  0%| F|  |TAMS 0x000000074ad00000, 0x000000074ad00000| Untracked 
| 166|0x000000074ae00000, 0x000000074ae00000, 0x000000074af00000|  0%| F|  |TAMS 0x000000074ae00000, 0x000000074ae00000| Untracked 
| 167|0x000000074af00000, 0x000000074af00000, 0x000000074b000000|  0%| F|  |TAMS 0x000000074af00000, 0x000000074af00000| Untracked 
| 168|0x000000074b000000, 0x000000074b000000, 0x000000074b100000|  0%| F|  |TAMS 0x000000074b000000, 0x000000074b000000| Untracked 
| 169|0x000000074b100000, 0x000000074b100000, 0x000000074b200000|  0%| F|  |TAMS 0x000000074b100000, 0x000000074b100000| Untracked 
| 170|0x000000074b200000, 0x000000074b200000, 0x000000074b300000|  0%| F|  |TAMS 0x000000074b200000, 0x000000074b200000| Untracked 
| 171|0x000000074b300000, 0x000000074b300000, 0x000000074b400000|  0%| F|  |TAMS 0x000000074b300000, 0x000000074b300000| Untracked 
| 172|0x000000074b400000, 0x000000074b400000, 0x000000074b500000|  0%| F|  |TAMS 0x000000074b400000, 0x000000074b400000| Untracked 
| 173|0x000000074b500000, 0x000000074b500000, 0x000000074b600000|  0%| F|  |TAMS 0x000000074b500000, 0x000000074b500000| Untracked 
| 174|0x000000074b600000, 0x000000074b600000, 0x000000074b700000|  0%| F|  |TAMS 0x000000074b600000, 0x000000074b600000| Untracked 
| 175|0x000000074b700000, 0x000000074b800000, 0x000000074b800000|100%| O|  |TAMS 0x000000074b800000, 0x000000074b700000| Untracked 
| 176|0x000000074b800000, 0x000000074b800000, 0x000000074b900000|  0%| F|  |TAMS 0x000000074b800000, 0x000000074b800000| Untracked 
| 177|0x000000074b900000, 0x000000074b900000, 0x000000074ba00000|  0%| F|  |TAMS 0x000000074b900000, 0x000000074b900000| Untracked 
| 178|0x000000074ba00000, 0x000000074bb00000, 0x000000074bb00000|100%